The system is: Linux - 3.16.0-4-686-pae - i686
Compiling the C compiler identification source file "CMakeCCompilerId.c" succeeded.
Compiler: /usr/bin/cc 
Build flags: 
Id flags: 

The output was:
0


Compilation of the C compiler identification source "CMakeCCompilerId.c" produced "a.out"

The C compiler identification is GNU, found in "/home/jonas/apps/nephos/converter/CMakeFiles/3.0.2/CompilerIdC/a.out"

Compiling the CXX compiler identification source file "CMakeCXXCompilerId.cpp" succeeded.
Compiler: /usr/bin/c++ 
Build flags: 
Id flags: 

The output was:
0


Compilation of the CXX compiler identification source "CMakeCXXCompilerId.cpp" produced "a.out"

The CXX compiler identification is GNU, found in "/home/jonas/apps/nephos/converter/CMakeFiles/3.0.2/CompilerIdCXX/a.out"

Determining if the C compiler works passed with the following output:
Change Dir: /home/jonas/apps/nephos/converter/CMakeFiles/CMakeTmp

Run Build Command:"/usr/bin/make" "cmTryCompileExec571575221/fast"
/usr/bin/make -f CMakeFiles/cmTryCompileExec571575221.dir/build.make CMakeFiles/cmTryCompileExec571575221.dir/build
make[1]: Entering directory '/home/jonas/apps/nephos/converter/CMakeFiles/CMakeTmp'
/usr/bin/cmake -E cmake_progress_report /home/jonas/apps/nephos/converter/CMakeFiles/CMakeTmp/CMakeFiles 1
Building C object CMakeFiles/cmTryCompileExec571575221.dir/testCCompiler.c.o
/usr/bin/cc    -o CMakeFiles/cmTryCompileExec571575221.dir/testCCompiler.c.o   -c /home/jonas/apps/nephos/converter/CMakeFiles/CMakeTmp/testCCompiler.c
Linking C executable cmTryCompileExec571575221
/usr/bin/cmake -E cmake_link_script CMakeFiles/cmTryCompileExec571575221.dir/link.txt --verbose=1
/usr/bin/cc       CMakeFiles/cmTryCompileExec571575221.dir/testCCompiler.c.o  -o cmTryCompileExec571575221 -rdynamic 
make[1]: Leaving directory '/home/jonas/apps/nephos/converter/CMakeFiles/CMakeTmp'


Detecting C compiler ABI info compiled with the following output:
Change Dir: /home/jonas/apps/nephos/converter/CMakeFiles/CMakeTmp

Run Build Command:"/usr/bin/make" "cmTryCompileExec2529664834/fast"
/usr/bin/make -f CMakeFiles/cmTryCompileExec2529664834.dir/build.make CMakeFiles/cmTryCompileExec2529664834.dir/build
make[1]: Entering directory '/home/jonas/apps/nephos/converter/CMakeFiles/CMakeTmp'
/usr/bin/cmake -E cmake_progress_report /home/jonas/apps/nephos/converter/CMakeFiles/CMakeTmp/CMakeFiles 1
Building C object CMakeFiles/cmTryCompileExec2529664834.dir/CMakeCCompilerABI.c.o
/usr/bin/cc    -o CMakeFiles/cmTryCompileExec2529664834.dir/CMakeCCompilerABI.c.o   -c /usr/share/cmake-3.0/Modules/CMakeCCompilerABI.c
Linking C executable cmTryCompileExec2529664834
/usr/bin/cmake -E cmake_link_script CMakeFiles/cmTryCompileExec2529664834.dir/link.txt --verbose=1
/usr/bin/cc     -v CMakeFiles/cmTryCompileExec2529664834.dir/CMakeCCompilerABI.c.o  -o cmTryCompileExec2529664834 -rdynamic  
Using built-in specs.
COLLECT_GCC=/usr/bin/cc
COLLECT_LTO_WRAPPER=/usr/lib/gcc/i586-linux-gnu/4.9/lto-wrapper
Target: i586-linux-gnu
Configured with: ../src/configure -v --with-pkgversion='Debian 4.9.2-10' --with-bugurl=file:///usr/share/doc/gcc-4.9/README.Bugs --enable-languages=c,c++,java,go,d,fortran,objc,obj-c++ --prefix=/usr --program-suffix=-4.9 --enable-shared --enable-linker-build-id --libexecdir=/usr/lib --without-included-gettext --enable-threads=posix --with-gxx-include-dir=/usr/include/c++/4.9 --libdir=/usr/lib --enable-nls --with-sysroot=/ --enable-clocale=gnu --enable-libstdcxx-debug --enable-libstdcxx-time=yes --enable-gnu-unique-object --disable-vtable-verify --enable-plugin --with-system-zlib --disable-browser-plugin --enable-java-awt=gtk --enable-gtk-cairo --with-java-home=/usr/lib/jvm/java-1.5.0-gcj-4.9-i386/jre --enable-java-home --with-jvm-root-dir=/usr/lib/jvm/java-1.5.0-gcj-4.9-i386 --with-jvm-jar-dir=/usr/lib/jvm-exports/java-1.5.0-gcj-4.9-i386 --with-arch-directory=i386 --with-ecj-jar=/usr/share/java/eclipse-ecj.jar --enable-objc-gc --enable-targets=all --enable-multiarch --with-arch-32=i586 --with-multilib-list=m32,m64,mx32 --enable-multilib --with-tune=generic --enable-checking=release --build=i586-linux-gnu --host=i586-linux-gnu --target=i586-linux-gnu
Thread model: posix
gcc version 4.9.2 (Debian 4.9.2-10) 
COMPILER_PATH=/usr/lib/gcc/i586-linux-gnu/4.9/:/usr/lib/gcc/i586-linux-gnu/4.9/:/usr/lib/gcc/i586-linux-gnu/:/usr/lib/gcc/i586-linux-gnu/4.9/:/usr/lib/gcc/i586-linux-gnu/
LIBRARY_PATH=/usr/lib/gcc/i586-linux-gnu/4.9/:/usr/lib/gcc/i586-linux-gnu/4.9/../../../i386-linux-gnu/:/usr/lib/gcc/i586-linux-gnu/4.9/../../../../lib/:/lib/i386-linux-gnu/:/lib/../lib/:/usr/lib/i386-linux-gnu/:/usr/lib/../lib/:/usr/lib/gcc/i586-linux-gnu/4.9/../../../:/lib/:/usr/lib/
COLLECT_GCC_OPTIONS='-v' '-o' 'cmTryCompileExec2529664834' '-rdynamic' '-mtune=generic' '-march=i586'
 /usr/lib/gcc/i586-linux-gnu/4.9/collect2 -plugin /usr/lib/gcc/i586-linux-gnu/4.9/liblto_plugin.so -plugin-opt=/usr/lib/gcc/i586-linux-gnu/4.9/lto-wrapper -plugin-opt=-fresolution=/tmp/ccqGBS0H.res -plugin-opt=-pass-through=-lgcc -plugin-opt=-pass-through=-lgcc_s -plugin-opt=-pass-through=-lc -plugin-opt=-pass-through=-lgcc -plugin-opt=-pass-through=-lgcc_s --sysroot=/ --build-id --eh-frame-hdr -m elf_i386 --hash-style=gnu -export-dynamic -dynamic-linker /lib/ld-linux.so.2 -o cmTryCompileExec2529664834 /usr/lib/gcc/i586-linux-gnu/4.9/../../../i386-linux-gnu/crt1.o /usr/lib/gcc/i586-linux-gnu/4.9/../../../i386-linux-gnu/crti.o /usr/lib/gcc/i586-linux-gnu/4.9/crtbegin.o -L/usr/lib/gcc/i586-linux-gnu/4.9 -L/usr/lib/gcc/i586-linux-gnu/4.9/../../../i386-linux-gnu -L/usr/lib/gcc/i586-linux-gnu/4.9/../../../../lib -L/lib/i386-linux-gnu -L/lib/../lib -L/usr/lib/i386-linux-gnu -L/usr/lib/../lib -L/usr/lib/gcc/i586-linux-gnu/4.9/../../.. CMakeFiles/cmTryCompileExec2529664834.dir/CMakeCCompilerABI.c.o -lgcc --as-needed -lgcc_s --no-as-needed -lc -lgcc --as-needed -lgcc_s --no-as-needed /usr/lib/gcc/i586-linux-gnu/4.9/crtend.o /usr/lib/gcc/i586-linux-gnu/4.9/../../../i386-linux-gnu/crtn.o
make[1]: Leaving directory '/home/jonas/apps/nephos/converter/CMakeFiles/CMakeTmp'


Parsed C implicit link information from above output:
  link line regex: [^( *|.*[/\])(ld|([^/\]+-)?ld|collect2)[^/\]*( |$)]
  ignore line: [Change Dir: /home/jonas/apps/nephos/converter/CMakeFiles/CMakeTmp]
  ignore line: []
  ignore line: [Run Build Command:"/usr/bin/make" "cmTryCompileExec2529664834/fast"]
  ignore line: [/usr/bin/make -f CMakeFiles/cmTryCompileExec2529664834.dir/build.make CMakeFiles/cmTryCompileExec2529664834.dir/build]
  ignore line: [make[1]: Entering directory '/home/jonas/apps/nephos/converter/CMakeFiles/CMakeTmp']
  ignore line: [/usr/bin/cmake -E cmake_progress_report /home/jonas/apps/nephos/converter/CMakeFiles/CMakeTmp/CMakeFiles 1]
  ignore line: [Building C object CMakeFiles/cmTryCompileExec2529664834.dir/CMakeCCompilerABI.c.o]
  ignore line: [/usr/bin/cc    -o CMakeFiles/cmTryCompileExec2529664834.dir/CMakeCCompilerABI.c.o   -c /usr/share/cmake-3.0/Modules/CMakeCCompilerABI.c]
  ignore line: [Linking C executable cmTryCompileExec2529664834]
  ignore line: [/usr/bin/cmake -E cmake_link_script CMakeFiles/cmTryCompileExec2529664834.dir/link.txt --verbose=1]
  ignore line: [/usr/bin/cc     -v CMakeFiles/cmTryCompileExec2529664834.dir/CMakeCCompilerABI.c.o  -o cmTryCompileExec2529664834 -rdynamic  ]
  ignore line: [Using built-in specs.]
  ignore line: [COLLECT_GCC=/usr/bin/cc]
  ignore line: [COLLECT_LTO_WRAPPER=/usr/lib/gcc/i586-linux-gnu/4.9/lto-wrapper]
  ignore line: [Target: i586-linux-gnu]
  ignore line: [Configured with: ../src/configure -v --with-pkgversion='Debian 4.9.2-10' --with-bugurl=file:///usr/share/doc/gcc-4.9/README.Bugs --enable-languages=c,c++,java,go,d,fortran,objc,obj-c++ --prefix=/usr --program-suffix=-4.9 --enable-shared --enable-linker-build-id --libexecdir=/usr/lib --without-included-gettext --enable-threads=posix --with-gxx-include-dir=/usr/include/c++/4.9 --libdir=/usr/lib --enable-nls --with-sysroot=/ --enable-clocale=gnu --enable-libstdcxx-debug --enable-libstdcxx-time=yes --enable-gnu-unique-object --disable-vtable-verify --enable-plugin --with-system-zlib --disable-browser-plugin --enable-java-awt=gtk --enable-gtk-cairo --with-java-home=/usr/lib/jvm/java-1.5.0-gcj-4.9-i386/jre --enable-java-home --with-jvm-root-dir=/usr/lib/jvm/java-1.5.0-gcj-4.9-i386 --with-jvm-jar-dir=/usr/lib/jvm-exports/java-1.5.0-gcj-4.9-i386 --with-arch-directory=i386 --with-ecj-jar=/usr/share/java/eclipse-ecj.jar --enable-objc-gc --enable-targets=all --enable-multiarch --with-arch-32=i586 --with-multilib-list=m32,m64,mx32 --enable-multilib --with-tune=generic --enable-checking=release --build=i586-linux-gnu --host=i586-linux-gnu --target=i586-linux-gnu]
  ignore line: [Thread model: posix]
  ignore line: [gcc version 4.9.2 (Debian 4.9.2-10) ]
  ignore line: [COMPILER_PATH=/usr/lib/gcc/i586-linux-gnu/4.9/:/usr/lib/gcc/i586-linux-gnu/4.9/:/usr/lib/gcc/i586-linux-gnu/:/usr/lib/gcc/i586-linux-gnu/4.9/:/usr/lib/gcc/i586-linux-gnu/]
  ignore line: [LIBRARY_PATH=/usr/lib/gcc/i586-linux-gnu/4.9/:/usr/lib/gcc/i586-linux-gnu/4.9/../../../i386-linux-gnu/:/usr/lib/gcc/i586-linux-gnu/4.9/../../../../lib/:/lib/i386-linux-gnu/:/lib/../lib/:/usr/lib/i386-linux-gnu/:/usr/lib/../lib/:/usr/lib/gcc/i586-linux-gnu/4.9/../../../:/lib/:/usr/lib/]
  ignore line: [COLLECT_GCC_OPTIONS='-v' '-o' 'cmTryCompileExec2529664834' '-rdynamic' '-mtune=generic' '-march=i586']
  link line: [ /usr/lib/gcc/i586-linux-gnu/4.9/collect2 -plugin /usr/lib/gcc/i586-linux-gnu/4.9/liblto_plugin.so -plugin-opt=/usr/lib/gcc/i586-linux-gnu/4.9/lto-wrapper -plugin-opt=-fresolution=/tmp/ccqGBS0H.res -plugin-opt=-pass-through=-lgcc -plugin-opt=-pass-through=-lgcc_s -plugin-opt=-pass-through=-lc -plugin-opt=-pass-through=-lgcc -plugin-opt=-pass-through=-lgcc_s --sysroot=/ --build-id --eh-frame-hdr -m elf_i386 --hash-style=gnu -export-dynamic -dynamic-linker /lib/ld-linux.so.2 -o cmTryCompileExec2529664834 /usr/lib/gcc/i586-linux-gnu/4.9/../../../i386-linux-gnu/crt1.o /usr/lib/gcc/i586-linux-gnu/4.9/../../../i386-linux-gnu/crti.o /usr/lib/gcc/i586-linux-gnu/4.9/crtbegin.o -L/usr/lib/gcc/i586-linux-gnu/4.9 -L/usr/lib/gcc/i586-linux-gnu/4.9/../../../i386-linux-gnu -L/usr/lib/gcc/i586-linux-gnu/4.9/../../../../lib -L/lib/i386-linux-gnu -L/lib/../lib -L/usr/lib/i386-linux-gnu -L/usr/lib/../lib -L/usr/lib/gcc/i586-linux-gnu/4.9/../../.. CMakeFiles/cmTryCompileExec2529664834.dir/CMakeCCompilerABI.c.o -lgcc --as-needed -lgcc_s --no-as-needed -lc -lgcc --as-needed -lgcc_s --no-as-needed /usr/lib/gcc/i586-linux-gnu/4.9/crtend.o /usr/lib/gcc/i586-linux-gnu/4.9/../../../i386-linux-gnu/crtn.o]
    arg [/usr/lib/gcc/i586-linux-gnu/4.9/collect2] ==> ignore
    arg [-plugin] ==> ignore
    arg [/usr/lib/gcc/i586-linux-gnu/4.9/liblto_plugin.so] ==> ignore
    arg [-plugin-opt=/usr/lib/gcc/i586-linux-gnu/4.9/lto-wrapper] ==> ignore
    arg [-plugin-opt=-fresolution=/tmp/ccqGBS0H.res] ==> ignore
    arg [-plugin-opt=-pass-through=-lgcc] ==> ignore
    arg [-plugin-opt=-pass-through=-lgcc_s] ==> ignore
    arg [-plugin-opt=-pass-through=-lc] ==> ignore
    arg [-plugin-opt=-pass-through=-lgcc] ==> ignore
    arg [-plugin-opt=-pass-through=-lgcc_s] ==> ignore
    arg [--sysroot=/] ==> ignore
    arg [--build-id] ==> ignore
    arg [--eh-frame-hdr] ==> ignore
    arg [-m] ==> ignore
    arg [elf_i386] ==> ignore
    arg [--hash-style=gnu] ==> ignore
    arg [-export-dynamic] ==> ignore
    arg [-dynamic-linker] ==> ignore
    arg [/lib/ld-linux.so.2] ==> ignore
    arg [-o] ==> ignore
    arg [cmTryCompileExec2529664834] ==> ignore
    arg [/usr/lib/gcc/i586-linux-gnu/4.9/../../../i386-linux-gnu/crt1.o] ==> ignore
    arg [/usr/lib/gcc/i586-linux-gnu/4.9/../../../i386-linux-gnu/crti.o] ==> ignore
    arg [/usr/lib/gcc/i586-linux-gnu/4.9/crtbegin.o] ==> ignore
    arg [-L/usr/lib/gcc/i586-linux-gnu/4.9] ==> dir [/usr/lib/gcc/i586-linux-gnu/4.9]
    arg [-L/usr/lib/gcc/i586-linux-gnu/4.9/../../../i386-linux-gnu] ==> dir [/usr/lib/gcc/i586-linux-gnu/4.9/../../../i386-linux-gnu]
    arg [-L/usr/lib/gcc/i586-linux-gnu/4.9/../../../../lib] ==> dir [/usr/lib/gcc/i586-linux-gnu/4.9/../../../../lib]
    arg [-L/lib/i386-linux-gnu] ==> dir [/lib/i386-linux-gnu]
    arg [-L/lib/../lib] ==> dir [/lib/../lib]
    arg [-L/usr/lib/i386-linux-gnu] ==> dir [/usr/lib/i386-linux-gnu]
    arg [-L/usr/lib/../lib] ==> dir [/usr/lib/../lib]
    arg [-L/usr/lib/gcc/i586-linux-gnu/4.9/../../..] ==> dir [/usr/lib/gcc/i586-linux-gnu/4.9/../../..]
    arg [CMakeFiles/cmTryCompileExec2529664834.dir/CMakeCCompilerABI.c.o] ==> ignore
    arg [-lgcc] ==> lib [gcc]
    arg [--as-needed] ==> ignore
    arg [-lgcc_s] ==> lib [gcc_s]
    arg [--no-as-needed] ==> ignore
    arg [-lc] ==> lib [c]
    arg [-lgcc] ==> lib [gcc]
    arg [--as-needed] ==> ignore
    arg [-lgcc_s] ==> lib [gcc_s]
    arg [--no-as-needed] ==> ignore
    arg [/usr/lib/gcc/i586-linux-gnu/4.9/crtend.o] ==> ignore
    arg [/usr/lib/gcc/i586-linux-gnu/4.9/../../../i386-linux-gnu/crtn.o] ==> ignore
  remove lib [gcc]
  remove lib [gcc_s]
  remove lib [gcc]
  remove lib [gcc_s]
  collapse library dir [/usr/lib/gcc/i586-linux-gnu/4.9] ==> [/usr/lib/gcc/i586-linux-gnu/4.9]
  collapse library dir [/usr/lib/gcc/i586-linux-gnu/4.9/../../../i386-linux-gnu] ==> [/usr/lib/i386-linux-gnu]
  collapse library dir [/usr/lib/gcc/i586-linux-gnu/4.9/../../../../lib] ==> [/usr/lib]
  collapse library dir [/lib/i386-linux-gnu] ==> [/lib/i386-linux-gnu]
  collapse library dir [/lib/../lib] ==> [/lib]
  collapse library dir [/usr/lib/i386-linux-gnu] ==> [/usr/lib/i386-linux-gnu]
  collapse library dir [/usr/lib/../lib] ==> [/usr/lib]
  collapse library dir [/usr/lib/gcc/i586-linux-gnu/4.9/../../..] ==> [/usr/lib]
  implicit libs: [c]
  implicit dirs: [/usr/lib/gcc/i586-linux-gnu/4.9;/usr/lib/i386-linux-gnu;/usr/lib;/lib/i386-linux-gnu;/lib]
  implicit fwks: []


Determining if the CXX compiler works passed with the following output:
Change Dir: /home/jonas/apps/nephos/converter/CMakeFiles/CMakeTmp

Run Build Command:"/usr/bin/make" "cmTryCompileExec2782460686/fast"
/usr/bin/make -f CMakeFiles/cmTryCompileExec2782460686.dir/build.make CMakeFiles/cmTryCompileExec2782460686.dir/build
make[1]: Entering directory '/home/jonas/apps/nephos/converter/CMakeFiles/CMakeTmp'
/usr/bin/cmake -E cmake_progress_report /home/jonas/apps/nephos/converter/CMakeFiles/CMakeTmp/CMakeFiles 1
Building CXX object CMakeFiles/cmTryCompileExec2782460686.dir/testCXXCompiler.cxx.o
/usr/bin/c++     -o CMakeFiles/cmTryCompileExec2782460686.dir/testCXXCompiler.cxx.o -c /home/jonas/apps/nephos/converter/CMakeFiles/CMakeTmp/testCXXCompiler.cxx
Linking CXX executable cmTryCompileExec2782460686
/usr/bin/cmake -E cmake_link_script CMakeFiles/cmTryCompileExec2782460686.dir/link.txt --verbose=1
/usr/bin/c++        CMakeFiles/cmTryCompileExec2782460686.dir/testCXXCompiler.cxx.o  -o cmTryCompileExec2782460686 -rdynamic 
make[1]: Leaving directory '/home/jonas/apps/nephos/converter/CMakeFiles/CMakeTmp'


Detecting CXX compiler ABI info compiled with the following output:
Change Dir: /home/jonas/apps/nephos/converter/CMakeFiles/CMakeTmp

Run Build Command:"/usr/bin/make" "cmTryCompileExec3552604796/fast"
/usr/bin/make -f CMakeFiles/cmTryCompileExec3552604796.dir/build.make CMakeFiles/cmTryCompileExec3552604796.dir/build
make[1]: Entering directory '/home/jonas/apps/nephos/converter/CMakeFiles/CMakeTmp'
/usr/bin/cmake -E cmake_progress_report /home/jonas/apps/nephos/converter/CMakeFiles/CMakeTmp/CMakeFiles 1
Building CXX object CMakeFiles/cmTryCompileExec3552604796.dir/CMakeCXXCompilerABI.cpp.o
/usr/bin/c++     -o CMakeFiles/cmTryCompileExec3552604796.dir/CMakeCXXCompilerABI.cpp.o -c /usr/share/cmake-3.0/Modules/CMakeCXXCompilerABI.cpp
Linking CXX executable cmTryCompileExec3552604796
/usr/bin/cmake -E cmake_link_script CMakeFiles/cmTryCompileExec3552604796.dir/link.txt --verbose=1
/usr/bin/c++      -v CMakeFiles/cmTryCompileExec3552604796.dir/CMakeCXXCompilerABI.cpp.o  -o cmTryCompileExec3552604796 -rdynamic  
Using built-in specs.
COLLECT_GCC=/usr/bin/c++
COLLECT_LTO_WRAPPER=/usr/lib/gcc/i586-linux-gnu/4.9/lto-wrapper
Target: i586-linux-gnu
Configured with: ../src/configure -v --with-pkgversion='Debian 4.9.2-10' --with-bugurl=file:///usr/share/doc/gcc-4.9/README.Bugs --enable-languages=c,c++,java,go,d,fortran,objc,obj-c++ --prefix=/usr --program-suffix=-4.9 --enable-shared --enable-linker-build-id --libexecdir=/usr/lib --without-included-gettext --enable-threads=posix --with-gxx-include-dir=/usr/include/c++/4.9 --libdir=/usr/lib --enable-nls --with-sysroot=/ --enable-clocale=gnu --enable-libstdcxx-debug --enable-libstdcxx-time=yes --enable-gnu-unique-object --disable-vtable-verify --enable-plugin --with-system-zlib --disable-browser-plugin --enable-java-awt=gtk --enable-gtk-cairo --with-java-home=/usr/lib/jvm/java-1.5.0-gcj-4.9-i386/jre --enable-java-home --with-jvm-root-dir=/usr/lib/jvm/java-1.5.0-gcj-4.9-i386 --with-jvm-jar-dir=/usr/lib/jvm-exports/java-1.5.0-gcj-4.9-i386 --with-arch-directory=i386 --with-ecj-jar=/usr/share/java/eclipse-ecj.jar --enable-objc-gc --enable-targets=all --enable-multiarch --with-arch-32=i586 --with-multilib-list=m32,m64,mx32 --enable-multilib --with-tune=generic --enable-checking=release --build=i586-linux-gnu --host=i586-linux-gnu --target=i586-linux-gnu
Thread model: posix
gcc version 4.9.2 (Debian 4.9.2-10) 
COMPILER_PATH=/usr/lib/gcc/i586-linux-gnu/4.9/:/usr/lib/gcc/i586-linux-gnu/4.9/:/usr/lib/gcc/i586-linux-gnu/:/usr/lib/gcc/i586-linux-gnu/4.9/:/usr/lib/gcc/i586-linux-gnu/
LIBRARY_PATH=/usr/lib/gcc/i586-linux-gnu/4.9/:/usr/lib/gcc/i586-linux-gnu/4.9/../../../i386-linux-gnu/:/usr/lib/gcc/i586-linux-gnu/4.9/../../../../lib/:/lib/i386-linux-gnu/:/lib/../lib/:/usr/lib/i386-linux-gnu/:/usr/lib/../lib/:/usr/lib/gcc/i586-linux-gnu/4.9/../../../:/lib/:/usr/lib/
COLLECT_GCC_OPTIONS='-v' '-o' 'cmTryCompileExec3552604796' '-rdynamic' '-shared-libgcc' '-mtune=generic' '-march=i586'
 /usr/lib/gcc/i586-linux-gnu/4.9/collect2 -plugin /usr/lib/gcc/i586-linux-gnu/4.9/liblto_plugin.so -plugin-opt=/usr/lib/gcc/i586-linux-gnu/4.9/lto-wrapper -plugin-opt=-fresolution=/tmp/ccHLDKY4.res -plugin-opt=-pass-through=-lgcc_s -plugin-opt=-pass-through=-lgcc -plugin-opt=-pass-through=-lc -plugin-opt=-pass-through=-lgcc_s -plugin-opt=-pass-through=-lgcc --sysroot=/ --build-id --eh-frame-hdr -m elf_i386 --hash-style=gnu -export-dynamic -dynamic-linker /lib/ld-linux.so.2 -o cmTryCompileExec3552604796 /usr/lib/gcc/i586-linux-gnu/4.9/../../../i386-linux-gnu/crt1.o /usr/lib/gcc/i586-linux-gnu/4.9/../../../i386-linux-gnu/crti.o /usr/lib/gcc/i586-linux-gnu/4.9/crtbegin.o -L/usr/lib/gcc/i586-linux-gnu/4.9 -L/usr/lib/gcc/i586-linux-gnu/4.9/../../../i386-linux-gnu -L/usr/lib/gcc/i586-linux-gnu/4.9/../../../../lib -L/lib/i386-linux-gnu -L/lib/../lib -L/usr/lib/i386-linux-gnu -L/usr/lib/../lib -L/usr/lib/gcc/i586-linux-gnu/4.9/../../.. CMakeFiles/cmTryCompileExec3552604796.dir/CMakeCXXCompilerABI.cpp.o -lstdc++ -lm -lgcc_s -lgcc -lc -lgcc_s -lgcc /usr/lib/gcc/i586-linux-gnu/4.9/crtend.o /usr/lib/gcc/i586-linux-gnu/4.9/../../../i386-linux-gnu/crtn.o
make[1]: Leaving directory '/home/jonas/apps/nephos/converter/CMakeFiles/CMakeTmp'


Parsed CXX implicit link information from above output:
  link line regex: [^( *|.*[/\])(ld|([^/\]+-)?ld|collect2)[^/\]*( |$)]
  ignore line: [Change Dir: /home/jonas/apps/nephos/converter/CMakeFiles/CMakeTmp]
  ignore line: []
  ignore line: [Run Build Command:"/usr/bin/make" "cmTryCompileExec3552604796/fast"]
  ignore line: [/usr/bin/make -f CMakeFiles/cmTryCompileExec3552604796.dir/build.make CMakeFiles/cmTryCompileExec3552604796.dir/build]
  ignore line: [make[1]: Entering directory '/home/jonas/apps/nephos/converter/CMakeFiles/CMakeTmp']
  ignore line: [/usr/bin/cmake -E cmake_progress_report /home/jonas/apps/nephos/converter/CMakeFiles/CMakeTmp/CMakeFiles 1]
  ignore line: [Building CXX object CMakeFiles/cmTryCompileExec3552604796.dir/CMakeCXXCompilerABI.cpp.o]
  ignore line: [/usr/bin/c++     -o CMakeFiles/cmTryCompileExec3552604796.dir/CMakeCXXCompilerABI.cpp.o -c /usr/share/cmake-3.0/Modules/CMakeCXXCompilerABI.cpp]
  ignore line: [Linking CXX executable cmTryCompileExec3552604796]
  ignore line: [/usr/bin/cmake -E cmake_link_script CMakeFiles/cmTryCompileExec3552604796.dir/link.txt --verbose=1]
  ignore line: [/usr/bin/c++      -v CMakeFiles/cmTryCompileExec3552604796.dir/CMakeCXXCompilerABI.cpp.o  -o cmTryCompileExec3552604796 -rdynamic  ]
  ignore line: [Using built-in specs.]
  ignore line: [COLLECT_GCC=/usr/bin/c++]
  ignore line: [COLLECT_LTO_WRAPPER=/usr/lib/gcc/i586-linux-gnu/4.9/lto-wrapper]
  ignore line: [Target: i586-linux-gnu]
  ignore line: [Configured with: ../src/configure -v --with-pkgversion='Debian 4.9.2-10' --with-bugurl=file:///usr/share/doc/gcc-4.9/README.Bugs --enable-languages=c,c++,java,go,d,fortran,objc,obj-c++ --prefix=/usr --program-suffix=-4.9 --enable-shared --enable-linker-build-id --libexecdir=/usr/lib --without-included-gettext --enable-threads=posix --with-gxx-include-dir=/usr/include/c++/4.9 --libdir=/usr/lib --enable-nls --with-sysroot=/ --enable-clocale=gnu --enable-libstdcxx-debug --enable-libstdcxx-time=yes --enable-gnu-unique-object --disable-vtable-verify --enable-plugin --with-system-zlib --disable-browser-plugin --enable-java-awt=gtk --enable-gtk-cairo --with-java-home=/usr/lib/jvm/java-1.5.0-gcj-4.9-i386/jre --enable-java-home --with-jvm-root-dir=/usr/lib/jvm/java-1.5.0-gcj-4.9-i386 --with-jvm-jar-dir=/usr/lib/jvm-exports/java-1.5.0-gcj-4.9-i386 --with-arch-directory=i386 --with-ecj-jar=/usr/share/java/eclipse-ecj.jar --enable-objc-gc --enable-targets=all --enable-multiarch --with-arch-32=i586 --with-multilib-list=m32,m64,mx32 --enable-multilib --with-tune=generic --enable-checking=release --build=i586-linux-gnu --host=i586-linux-gnu --target=i586-linux-gnu]
  ignore line: [Thread model: posix]
  ignore line: [gcc version 4.9.2 (Debian 4.9.2-10) ]
  ignore line: [COMPILER_PATH=/usr/lib/gcc/i586-linux-gnu/4.9/:/usr/lib/gcc/i586-linux-gnu/4.9/:/usr/lib/gcc/i586-linux-gnu/:/usr/lib/gcc/i586-linux-gnu/4.9/:/usr/lib/gcc/i586-linux-gnu/]
  ignore line: [LIBRARY_PATH=/usr/lib/gcc/i586-linux-gnu/4.9/:/usr/lib/gcc/i586-linux-gnu/4.9/../../../i386-linux-gnu/:/usr/lib/gcc/i586-linux-gnu/4.9/../../../../lib/:/lib/i386-linux-gnu/:/lib/../lib/:/usr/lib/i386-linux-gnu/:/usr/lib/../lib/:/usr/lib/gcc/i586-linux-gnu/4.9/../../../:/lib/:/usr/lib/]
  ignore line: [COLLECT_GCC_OPTIONS='-v' '-o' 'cmTryCompileExec3552604796' '-rdynamic' '-shared-libgcc' '-mtune=generic' '-march=i586']
  link line: [ /usr/lib/gcc/i586-linux-gnu/4.9/collect2 -plugin /usr/lib/gcc/i586-linux-gnu/4.9/liblto_plugin.so -plugin-opt=/usr/lib/gcc/i586-linux-gnu/4.9/lto-wrapper -plugin-opt=-fresolution=/tmp/ccHLDKY4.res -plugin-opt=-pass-through=-lgcc_s -plugin-opt=-pass-through=-lgcc -plugin-opt=-pass-through=-lc -plugin-opt=-pass-through=-lgcc_s -plugin-opt=-pass-through=-lgcc --sysroot=/ --build-id --eh-frame-hdr -m elf_i386 --hash-style=gnu -export-dynamic -dynamic-linker /lib/ld-linux.so.2 -o cmTryCompileExec3552604796 /usr/lib/gcc/i586-linux-gnu/4.9/../../../i386-linux-gnu/crt1.o /usr/lib/gcc/i586-linux-gnu/4.9/../../../i386-linux-gnu/crti.o /usr/lib/gcc/i586-linux-gnu/4.9/crtbegin.o -L/usr/lib/gcc/i586-linux-gnu/4.9 -L/usr/lib/gcc/i586-linux-gnu/4.9/../../../i386-linux-gnu -L/usr/lib/gcc/i586-linux-gnu/4.9/../../../../lib -L/lib/i386-linux-gnu -L/lib/../lib -L/usr/lib/i386-linux-gnu -L/usr/lib/../lib -L/usr/lib/gcc/i586-linux-gnu/4.9/../../.. CMakeFiles/cmTryCompileExec3552604796.dir/CMakeCXXCompilerABI.cpp.o -lstdc++ -lm -lgcc_s -lgcc -lc -lgcc_s -lgcc /usr/lib/gcc/i586-linux-gnu/4.9/crtend.o /usr/lib/gcc/i586-linux-gnu/4.9/../../../i386-linux-gnu/crtn.o]
    arg [/usr/lib/gcc/i586-linux-gnu/4.9/collect2] ==> ignore
    arg [-plugin] ==> ignore
    arg [/usr/lib/gcc/i586-linux-gnu/4.9/liblto_plugin.so] ==> ignore
    arg [-plugin-opt=/usr/lib/gcc/i586-linux-gnu/4.9/lto-wrapper] ==> ignore
    arg [-plugin-opt=-fresolution=/tmp/ccHLDKY4.res] ==> ignore
    arg [-plugin-opt=-pass-through=-lgcc_s] ==> ignore
    arg [-plugin-opt=-pass-through=-lgcc] ==> ignore
    arg [-plugin-opt=-pass-through=-lc] ==> ignore
    arg [-plugin-opt=-pass-through=-lgcc_s] ==> ignore
    arg [-plugin-opt=-pass-through=-lgcc] ==> ignore
    arg [--sysroot=/] ==> ignore
    arg [--build-id] ==> ignore
    arg [--eh-frame-hdr] ==> ignore
    arg [-m] ==> ignore
    arg [elf_i386] ==> ignore
    arg [--hash-style=gnu] ==> ignore
    arg [-export-dynamic] ==> ignore
    arg [-dynamic-linker] ==> ignore
    arg [/lib/ld-linux.so.2] ==> ignore
    arg [-o] ==> ignore
    arg [cmTryCompileExec3552604796] ==> ignore
    arg [/usr/lib/gcc/i586-linux-gnu/4.9/../../../i386-linux-gnu/crt1.o] ==> ignore
    arg [/usr/lib/gcc/i586-linux-gnu/4.9/../../../i386-linux-gnu/crti.o] ==> ignore
    arg [/usr/lib/gcc/i586-linux-gnu/4.9/crtbegin.o] ==> ignore
    arg [-L/usr/lib/gcc/i586-linux-gnu/4.9] ==> dir [/usr/lib/gcc/i586-linux-gnu/4.9]
    arg [-L/usr/lib/gcc/i586-linux-gnu/4.9/../../../i386-linux-gnu] ==> dir [/usr/lib/gcc/i586-linux-gnu/4.9/../../../i386-linux-gnu]
    arg [-L/usr/lib/gcc/i586-linux-gnu/4.9/../../../../lib] ==> dir [/usr/lib/gcc/i586-linux-gnu/4.9/../../../../lib]
    arg [-L/lib/i386-linux-gnu] ==> dir [/lib/i386-linux-gnu]
    arg [-L/lib/../lib] ==> dir [/lib/../lib]
    arg [-L/usr/lib/i386-linux-gnu] ==> dir [/usr/lib/i386-linux-gnu]
    arg [-L/usr/lib/../lib] ==> dir [/usr/lib/../lib]
    arg [-L/usr/lib/gcc/i586-linux-gnu/4.9/../../..] ==> dir [/usr/lib/gcc/i586-linux-gnu/4.9/../../..]
    arg [CMakeFiles/cmTryCompileExec3552604796.dir/CMakeCXXCompilerABI.cpp.o] ==> ignore
    arg [-lstdc++] ==> lib [stdc++]
    arg [-lm] ==> lib [m]
    arg [-lgcc_s] ==> lib [gcc_s]
    arg [-lgcc] ==> lib [gcc]
    arg [-lc] ==> lib [c]
    arg [-lgcc_s] ==> lib [gcc_s]
    arg [-lgcc] ==> lib [gcc]
    arg [/usr/lib/gcc/i586-linux-gnu/4.9/crtend.o] ==> ignore
    arg [/usr/lib/gcc/i586-linux-gnu/4.9/../../../i386-linux-gnu/crtn.o] ==> ignore
  remove lib [gcc_s]
  remove lib [gcc]
  remove lib [gcc_s]
  remove lib [gcc]
  collapse library dir [/usr/lib/gcc/i586-linux-gnu/4.9] ==> [/usr/lib/gcc/i586-linux-gnu/4.9]
  collapse library dir [/usr/lib/gcc/i586-linux-gnu/4.9/../../../i386-linux-gnu] ==> [/usr/lib/i386-linux-gnu]
  collapse library dir [/usr/lib/gcc/i586-linux-gnu/4.9/../../../../lib] ==> [/usr/lib]
  collapse library dir [/lib/i386-linux-gnu] ==> [/lib/i386-linux-gnu]
  collapse library dir [/lib/../lib] ==> [/lib]
  collapse library dir [/usr/lib/i386-linux-gnu] ==> [/usr/lib/i386-linux-gnu]
  collapse library dir [/usr/lib/../lib] ==> [/usr/lib]
  collapse library dir [/usr/lib/gcc/i586-linux-gnu/4.9/../../..] ==> [/usr/lib]
  implicit libs: [stdc++;m;c]
  implicit dirs: [/usr/lib/gcc/i586-linux-gnu/4.9;/usr/lib/i386-linux-gnu;/usr/lib;/lib/i386-linux-gnu;/lib]
  implicit fwks: []


The system is: Linux - 4.2.5-1-ARCH - i686
Compiling the C compiler identification source file "CMakeCCompilerId.c" succeeded.
Compiler: /usr/sbin/cc 
Build flags: 
Id flags: 

The output was:
0


Compilation of the C compiler identification source "CMakeCCompilerId.c" produced "a.out"

The C compiler identification is GNU, found in "/home/guto/apps/nephos/converter/CMakeFiles/3.4.0/CompilerIdC/a.out"

Compiling the CXX compiler identification source file "CMakeCXXCompilerId.cpp" succeeded.
Compiler: /usr/sbin/c++ 
Build flags: 
Id flags: 

The output was:
0


Compilation of the CXX compiler identification source "CMakeCXXCompilerId.cpp" produced "a.out"

The CXX compiler identification is GNU, found in "/home/guto/apps/nephos/converter/CMakeFiles/3.4.0/CompilerIdCXX/a.out"

Determining if the C compiler works passed with the following output:
Change Dir: /home/guto/apps/nephos/converter/CMakeFiles/CMakeTmp

Run Build Command:"/usr/sbin/make" "cmTC_e1825/fast"
/usr/sbin/make -f CMakeFiles/cmTC_e1825.dir/build.make CMakeFiles/cmTC_e1825.dir/build
make[1]: Entering directory '/home/guto/apps/nephos/converter/CMakeFiles/CMakeTmp'
Building C object CMakeFiles/cmTC_e1825.dir/testCCompiler.c.o
/usr/sbin/cc     -o CMakeFiles/cmTC_e1825.dir/testCCompiler.c.o   -c /home/guto/apps/nephos/converter/CMakeFiles/CMakeTmp/testCCompiler.c
Linking C executable cmTC_e1825
/usr/bin/cmake -E cmake_link_script CMakeFiles/cmTC_e1825.dir/link.txt --verbose=1
/usr/sbin/cc       CMakeFiles/cmTC_e1825.dir/testCCompiler.c.o  -o cmTC_e1825 -rdynamic 
make[1]: Leaving directory '/home/guto/apps/nephos/converter/CMakeFiles/CMakeTmp'


Detecting C compiler ABI info compiled with the following output:
Change Dir: /home/guto/apps/nephos/converter/CMakeFiles/CMakeTmp

Run Build Command:"/usr/sbin/make" "cmTC_09f6d/fast"
/usr/sbin/make -f CMakeFiles/cmTC_09f6d.dir/build.make CMakeFiles/cmTC_09f6d.dir/build
make[1]: Entering directory '/home/guto/apps/nephos/converter/CMakeFiles/CMakeTmp'
Building C object CMakeFiles/cmTC_09f6d.dir/CMakeCCompilerABI.c.o
/usr/sbin/cc     -o CMakeFiles/cmTC_09f6d.dir/CMakeCCompilerABI.c.o   -c /usr/share/cmake-3.4/Modules/CMakeCCompilerABI.c
Linking C executable cmTC_09f6d
/usr/bin/cmake -E cmake_link_script CMakeFiles/cmTC_09f6d.dir/link.txt --verbose=1
/usr/sbin/cc      -v CMakeFiles/cmTC_09f6d.dir/CMakeCCompilerABI.c.o  -o cmTC_09f6d -rdynamic  
Using built-in specs.
COLLECT_GCC=/usr/sbin/cc
COLLECT_LTO_WRAPPER=/usr/lib/gcc/i686-pc-linux-gnu/5.2.0/lto-wrapper
Target: i686-pc-linux-gnu
Configured with: /build/gcc/src/gcc-5.2.0/configure --prefix=/usr --libdir=/usr/lib --libexecdir=/usr/lib --mandir=/usr/share/man --infodir=/usr/share/info --with-bugurl=https://bugs.archlinux.org/ --enable-languages=c,c++,ada,fortran,go,lto,objc,obj-c++ --enable-shared --enable-threads=posix --enable-libmpx --with-system-zlib --with-isl --enable-__cxa_atexit --disable-libunwind-exceptions --enable-clocale=gnu --disable-libstdcxx-pch --disable-libssp --enable-gnu-unique-object --enable-linker-build-id --enable-lto --enable-plugin --enable-install-libiberty --with-linker-hash-style=gnu --enable-gnu-indirect-function --disable-multilib --disable-werror --enable-checking=release --with-default-libstdcxx-abi=gcc4-compatible
Thread model: posix
gcc version 5.2.0 (GCC) 
COMPILER_PATH=/usr/lib/gcc/i686-pc-linux-gnu/5.2.0/:/usr/lib/gcc/i686-pc-linux-gnu/5.2.0/:/usr/lib/gcc/i686-pc-linux-gnu/:/usr/lib/gcc/i686-pc-linux-gnu/5.2.0/:/usr/lib/gcc/i686-pc-linux-gnu/
LIBRARY_PATH=/usr/lib/gcc/i686-pc-linux-gnu/5.2.0/:/usr/lib/gcc/i686-pc-linux-gnu/5.2.0/../../../:/lib/:/usr/lib/
COLLECT_GCC_OPTIONS='-v' '-o' 'cmTC_09f6d' '-rdynamic' '-mtune=generic' '-march=pentiumpro'
 /usr/lib/gcc/i686-pc-linux-gnu/5.2.0/collect2 -plugin /usr/lib/gcc/i686-pc-linux-gnu/5.2.0/liblto_plugin.so -plugin-opt=/usr/lib/gcc/i686-pc-linux-gnu/5.2.0/lto-wrapper -plugin-opt=-fresolution=/tmp/cc7Ua1iV.res -plugin-opt=-pass-through=-lgcc -plugin-opt=-pass-through=-lgcc_s -plugin-opt=-pass-through=-lc -plugin-opt=-pass-through=-lgcc -plugin-opt=-pass-through=-lgcc_s --build-id --eh-frame-hdr --hash-style=gnu -m elf_i386 -export-dynamic -dynamic-linker /lib/ld-linux.so.2 -o cmTC_09f6d /usr/lib/gcc/i686-pc-linux-gnu/5.2.0/../../../crt1.o /usr/lib/gcc/i686-pc-linux-gnu/5.2.0/../../../crti.o /usr/lib/gcc/i686-pc-linux-gnu/5.2.0/crtbegin.o -L/usr/lib/gcc/i686-pc-linux-gnu/5.2.0 -L/usr/lib/gcc/i686-pc-linux-gnu/5.2.0/../../.. CMakeFiles/cmTC_09f6d.dir/CMakeCCompilerABI.c.o -lgcc --as-needed -lgcc_s --no-as-needed -lc -lgcc --as-needed -lgcc_s --no-as-needed /usr/lib/gcc/i686-pc-linux-gnu/5.2.0/crtend.o /usr/lib/gcc/i686-pc-linux-gnu/5.2.0/../../../crtn.o
make[1]: Leaving directory '/home/guto/apps/nephos/converter/CMakeFiles/CMakeTmp'


Parsed C implicit link information from above output:
  link line regex: [^( *|.*[/\])(ld|([^/\]+-)?ld|collect2)[^/\]*( |$)]
  ignore line: [Change Dir: /home/guto/apps/nephos/converter/CMakeFiles/CMakeTmp]
  ignore line: []
  ignore line: [Run Build Command:"/usr/sbin/make" "cmTC_09f6d/fast"]
  ignore line: [/usr/sbin/make -f CMakeFiles/cmTC_09f6d.dir/build.make CMakeFiles/cmTC_09f6d.dir/build]
  ignore line: [make[1]: Entering directory '/home/guto/apps/nephos/converter/CMakeFiles/CMakeTmp']
  ignore line: [Building C object CMakeFiles/cmTC_09f6d.dir/CMakeCCompilerABI.c.o]
  ignore line: [/usr/sbin/cc     -o CMakeFiles/cmTC_09f6d.dir/CMakeCCompilerABI.c.o   -c /usr/share/cmake-3.4/Modules/CMakeCCompilerABI.c]
  ignore line: [Linking C executable cmTC_09f6d]
  ignore line: [/usr/bin/cmake -E cmake_link_script CMakeFiles/cmTC_09f6d.dir/link.txt --verbose=1]
  ignore line: [/usr/sbin/cc      -v CMakeFiles/cmTC_09f6d.dir/CMakeCCompilerABI.c.o  -o cmTC_09f6d -rdynamic  ]
  ignore line: [Using built-in specs.]
  ignore line: [COLLECT_GCC=/usr/sbin/cc]
  ignore line: [COLLECT_LTO_WRAPPER=/usr/lib/gcc/i686-pc-linux-gnu/5.2.0/lto-wrapper]
  ignore line: [Target: i686-pc-linux-gnu]
  ignore line: [Configured with: /build/gcc/src/gcc-5.2.0/configure --prefix=/usr --libdir=/usr/lib --libexecdir=/usr/lib --mandir=/usr/share/man --infodir=/usr/share/info --with-bugurl=https://bugs.archlinux.org/ --enable-languages=c,c++,ada,fortran,go,lto,objc,obj-c++ --enable-shared --enable-threads=posix --enable-libmpx --with-system-zlib --with-isl --enable-__cxa_atexit --disable-libunwind-exceptions --enable-clocale=gnu --disable-libstdcxx-pch --disable-libssp --enable-gnu-unique-object --enable-linker-build-id --enable-lto --enable-plugin --enable-install-libiberty --with-linker-hash-style=gnu --enable-gnu-indirect-function --disable-multilib --disable-werror --enable-checking=release --with-default-libstdcxx-abi=gcc4-compatible]
  ignore line: [Thread model: posix]
  ignore line: [gcc version 5.2.0 (GCC) ]
  ignore line: [COMPILER_PATH=/usr/lib/gcc/i686-pc-linux-gnu/5.2.0/:/usr/lib/gcc/i686-pc-linux-gnu/5.2.0/:/usr/lib/gcc/i686-pc-linux-gnu/:/usr/lib/gcc/i686-pc-linux-gnu/5.2.0/:/usr/lib/gcc/i686-pc-linux-gnu/]
  ignore line: [LIBRARY_PATH=/usr/lib/gcc/i686-pc-linux-gnu/5.2.0/:/usr/lib/gcc/i686-pc-linux-gnu/5.2.0/../../../:/lib/:/usr/lib/]
  ignore line: [COLLECT_GCC_OPTIONS='-v' '-o' 'cmTC_09f6d' '-rdynamic' '-mtune=generic' '-march=pentiumpro']
  link line: [ /usr/lib/gcc/i686-pc-linux-gnu/5.2.0/collect2 -plugin /usr/lib/gcc/i686-pc-linux-gnu/5.2.0/liblto_plugin.so -plugin-opt=/usr/lib/gcc/i686-pc-linux-gnu/5.2.0/lto-wrapper -plugin-opt=-fresolution=/tmp/cc7Ua1iV.res -plugin-opt=-pass-through=-lgcc -plugin-opt=-pass-through=-lgcc_s -plugin-opt=-pass-through=-lc -plugin-opt=-pass-through=-lgcc -plugin-opt=-pass-through=-lgcc_s --build-id --eh-frame-hdr --hash-style=gnu -m elf_i386 -export-dynamic -dynamic-linker /lib/ld-linux.so.2 -o cmTC_09f6d /usr/lib/gcc/i686-pc-linux-gnu/5.2.0/../../../crt1.o /usr/lib/gcc/i686-pc-linux-gnu/5.2.0/../../../crti.o /usr/lib/gcc/i686-pc-linux-gnu/5.2.0/crtbegin.o -L/usr/lib/gcc/i686-pc-linux-gnu/5.2.0 -L/usr/lib/gcc/i686-pc-linux-gnu/5.2.0/../../.. CMakeFiles/cmTC_09f6d.dir/CMakeCCompilerABI.c.o -lgcc --as-needed -lgcc_s --no-as-needed -lc -lgcc --as-needed -lgcc_s --no-as-needed /usr/lib/gcc/i686-pc-linux-gnu/5.2.0/crtend.o /usr/lib/gcc/i686-pc-linux-gnu/5.2.0/../../../crtn.o]
    arg [/usr/lib/gcc/i686-pc-linux-gnu/5.2.0/collect2] ==> ignore
    arg [-plugin] ==> ignore
    arg [/usr/lib/gcc/i686-pc-linux-gnu/5.2.0/liblto_plugin.so] ==> ignore
    arg [-plugin-opt=/usr/lib/gcc/i686-pc-linux-gnu/5.2.0/lto-wrapper] ==> ignore
    arg [-plugin-opt=-fresolution=/tmp/cc7Ua1iV.res] ==> ignore
    arg [-plugin-opt=-pass-through=-lgcc] ==> ignore
    arg [-plugin-opt=-pass-through=-lgcc_s] ==> ignore
    arg [-plugin-opt=-pass-through=-lc] ==> ignore
    arg [-plugin-opt=-pass-through=-lgcc] ==> ignore
    arg [-plugin-opt=-pass-through=-lgcc_s] ==> ignore
    arg [--build-id] ==> ignore
    arg [--eh-frame-hdr] ==> ignore
    arg [--hash-style=gnu] ==> ignore
    arg [-m] ==> ignore
    arg [elf_i386] ==> ignore
    arg [-export-dynamic] ==> ignore
    arg [-dynamic-linker] ==> ignore
    arg [/lib/ld-linux.so.2] ==> ignore
    arg [-o] ==> ignore
    arg [cmTC_09f6d] ==> ignore
    arg [/usr/lib/gcc/i686-pc-linux-gnu/5.2.0/../../../crt1.o] ==> ignore
    arg [/usr/lib/gcc/i686-pc-linux-gnu/5.2.0/../../../crti.o] ==> ignore
    arg [/usr/lib/gcc/i686-pc-linux-gnu/5.2.0/crtbegin.o] ==> ignore
    arg [-L/usr/lib/gcc/i686-pc-linux-gnu/5.2.0] ==> dir [/usr/lib/gcc/i686-pc-linux-gnu/5.2.0]
    arg [-L/usr/lib/gcc/i686-pc-linux-gnu/5.2.0/../../..] ==> dir [/usr/lib/gcc/i686-pc-linux-gnu/5.2.0/../../..]
    arg [CMakeFiles/cmTC_09f6d.dir/CMakeCCompilerABI.c.o] ==> ignore
    arg [-lgcc] ==> lib [gcc]
    arg [--as-needed] ==> ignore
    arg [-lgcc_s] ==> lib [gcc_s]
    arg [--no-as-needed] ==> ignore
    arg [-lc] ==> lib [c]
    arg [-lgcc] ==> lib [gcc]
    arg [--as-needed] ==> ignore
    arg [-lgcc_s] ==> lib [gcc_s]
    arg [--no-as-needed] ==> ignore
    arg [/usr/lib/gcc/i686-pc-linux-gnu/5.2.0/crtend.o] ==> ignore
    arg [/usr/lib/gcc/i686-pc-linux-gnu/5.2.0/../../../crtn.o] ==> ignore
  remove lib [gcc]
  remove lib [gcc_s]
  remove lib [gcc]
  remove lib [gcc_s]
  collapse library dir [/usr/lib/gcc/i686-pc-linux-gnu/5.2.0] ==> [/usr/lib/gcc/i686-pc-linux-gnu/5.2.0]
  collapse library dir [/usr/lib/gcc/i686-pc-linux-gnu/5.2.0/../../..] ==> [/usr/lib]
  implicit libs: [c]
  implicit dirs: [/usr/lib/gcc/i686-pc-linux-gnu/5.2.0;/usr/lib]
  implicit fwks: []




Detecting C [-std=c11] compiler features compiled with the following output:
Change Dir: /home/guto/apps/nephos/converter/CMakeFiles/CMakeTmp

Run Build Command:"/usr/sbin/make" "cmTC_31617/fast"
/usr/sbin/make -f CMakeFiles/cmTC_31617.dir/build.make CMakeFiles/cmTC_31617.dir/build
make[1]: Entering directory '/home/guto/apps/nephos/converter/CMakeFiles/CMakeTmp'
Building C object CMakeFiles/cmTC_31617.dir/feature_tests.c.o
/usr/sbin/cc    -std=c11 -o CMakeFiles/cmTC_31617.dir/feature_tests.c.o   -c /home/guto/apps/nephos/converter/CMakeFiles/feature_tests.c
Linking C executable cmTC_31617
/usr/bin/cmake -E cmake_link_script CMakeFiles/cmTC_31617.dir/link.txt --verbose=1
/usr/sbin/cc       CMakeFiles/cmTC_31617.dir/feature_tests.c.o  -o cmTC_31617 -rdynamic 
make[1]: Leaving directory '/home/guto/apps/nephos/converter/CMakeFiles/CMakeTmp'


    Feature record: C_FEATURE:1c_function_prototypes
    Feature record: C_FEATURE:1c_restrict
    Feature record: C_FEATURE:1c_static_assert
    Feature record: C_FEATURE:1c_variadic_macros


Detecting C [-std=c99] compiler features compiled with the following output:
Change Dir: /home/guto/apps/nephos/converter/CMakeFiles/CMakeTmp

Run Build Command:"/usr/sbin/make" "cmTC_ec333/fast"
/usr/sbin/make -f CMakeFiles/cmTC_ec333.dir/build.make CMakeFiles/cmTC_ec333.dir/build
make[1]: Entering directory '/home/guto/apps/nephos/converter/CMakeFiles/CMakeTmp'
Building C object CMakeFiles/cmTC_ec333.dir/feature_tests.c.o
/usr/sbin/cc    -std=c99 -o CMakeFiles/cmTC_ec333.dir/feature_tests.c.o   -c /home/guto/apps/nephos/converter/CMakeFiles/feature_tests.c
Linking C executable cmTC_ec333
/usr/bin/cmake -E cmake_link_script CMakeFiles/cmTC_ec333.dir/link.txt --verbose=1
/usr/sbin/cc       CMakeFiles/cmTC_ec333.dir/feature_tests.c.o  -o cmTC_ec333 -rdynamic 
make[1]: Leaving directory '/home/guto/apps/nephos/converter/CMakeFiles/CMakeTmp'


    Feature record: C_FEATURE:1c_function_prototypes
    Feature record: C_FEATURE:1c_restrict
    Feature record: C_FEATURE:0c_static_assert
    Feature record: C_FEATURE:1c_variadic_macros


Detecting C [-std=c90] compiler features compiled with the following output:
Change Dir: /home/guto/apps/nephos/converter/CMakeFiles/CMakeTmp

Run Build Command:"/usr/sbin/make" "cmTC_99f79/fast"
/usr/sbin/make -f CMakeFiles/cmTC_99f79.dir/build.make CMakeFiles/cmTC_99f79.dir/build
make[1]: Entering directory '/home/guto/apps/nephos/converter/CMakeFiles/CMakeTmp'
Building C object CMakeFiles/cmTC_99f79.dir/feature_tests.c.o
/usr/sbin/cc    -std=c90 -o CMakeFiles/cmTC_99f79.dir/feature_tests.c.o   -c /home/guto/apps/nephos/converter/CMakeFiles/feature_tests.c
Linking C executable cmTC_99f79
/usr/bin/cmake -E cmake_link_script CMakeFiles/cmTC_99f79.dir/link.txt --verbose=1
/usr/sbin/cc       CMakeFiles/cmTC_99f79.dir/feature_tests.c.o  -o cmTC_99f79 -rdynamic 
make[1]: Leaving directory '/home/guto/apps/nephos/converter/CMakeFiles/CMakeTmp'


    Feature record: C_FEATURE:1c_function_prototypes
    Feature record: C_FEATURE:0c_restrict
    Feature record: C_FEATURE:0c_static_assert
    Feature record: C_FEATURE:0c_variadic_macros
Determining if the CXX compiler works passed with the following output:
Change Dir: /home/guto/apps/nephos/converter/CMakeFiles/CMakeTmp

Run Build Command:"/usr/sbin/make" "cmTC_d6fea/fast"
/usr/sbin/make -f CMakeFiles/cmTC_d6fea.dir/build.make CMakeFiles/cmTC_d6fea.dir/build
make[1]: Entering directory '/home/guto/apps/nephos/converter/CMakeFiles/CMakeTmp'
Building CXX object CMakeFiles/cmTC_d6fea.dir/testCXXCompiler.cxx.o
/usr/sbin/c++      -o CMakeFiles/cmTC_d6fea.dir/testCXXCompiler.cxx.o -c /home/guto/apps/nephos/converter/CMakeFiles/CMakeTmp/testCXXCompiler.cxx
Linking CXX executable cmTC_d6fea
/usr/bin/cmake -E cmake_link_script CMakeFiles/cmTC_d6fea.dir/link.txt --verbose=1
/usr/sbin/c++        CMakeFiles/cmTC_d6fea.dir/testCXXCompiler.cxx.o  -o cmTC_d6fea -rdynamic 
make[1]: Leaving directory '/home/guto/apps/nephos/converter/CMakeFiles/CMakeTmp'


Detecting CXX compiler ABI info compiled with the following output:
Change Dir: /home/guto/apps/nephos/converter/CMakeFiles/CMakeTmp

Run Build Command:"/usr/sbin/make" "cmTC_e1830/fast"
/usr/sbin/make -f CMakeFiles/cmTC_e1830.dir/build.make CMakeFiles/cmTC_e1830.dir/build
make[1]: Entering directory '/home/guto/apps/nephos/converter/CMakeFiles/CMakeTmp'
Building CXX object CMakeFiles/cmTC_e1830.dir/CMakeCXXCompilerABI.cpp.o
/usr/sbin/c++      -o CMakeFiles/cmTC_e1830.dir/CMakeCXXCompilerABI.cpp.o -c /usr/share/cmake-3.4/Modules/CMakeCXXCompilerABI.cpp
Linking CXX executable cmTC_e1830
/usr/bin/cmake -E cmake_link_script CMakeFiles/cmTC_e1830.dir/link.txt --verbose=1
/usr/sbin/c++       -v CMakeFiles/cmTC_e1830.dir/CMakeCXXCompilerABI.cpp.o  -o cmTC_e1830 -rdynamic  
Using built-in specs.
COLLECT_GCC=/usr/sbin/c++
COLLECT_LTO_WRAPPER=/usr/lib/gcc/i686-pc-linux-gnu/5.2.0/lto-wrapper
Target: i686-pc-linux-gnu
Configured with: /build/gcc/src/gcc-5.2.0/configure --prefix=/usr --libdir=/usr/lib --libexecdir=/usr/lib --mandir=/usr/share/man --infodir=/usr/share/info --with-bugurl=https://bugs.archlinux.org/ --enable-languages=c,c++,ada,fortran,go,lto,objc,obj-c++ --enable-shared --enable-threads=posix --enable-libmpx --with-system-zlib --with-isl --enable-__cxa_atexit --disable-libunwind-exceptions --enable-clocale=gnu --disable-libstdcxx-pch --disable-libssp --enable-gnu-unique-object --enable-linker-build-id --enable-lto --enable-plugin --enable-install-libiberty --with-linker-hash-style=gnu --enable-gnu-indirect-function --disable-multilib --disable-werror --enable-checking=release --with-default-libstdcxx-abi=gcc4-compatible
Thread model: posix
gcc version 5.2.0 (GCC) 
COMPILER_PATH=/usr/lib/gcc/i686-pc-linux-gnu/5.2.0/:/usr/lib/gcc/i686-pc-linux-gnu/5.2.0/:/usr/lib/gcc/i686-pc-linux-gnu/:/usr/lib/gcc/i686-pc-linux-gnu/5.2.0/:/usr/lib/gcc/i686-pc-linux-gnu/
LIBRARY_PATH=/usr/lib/gcc/i686-pc-linux-gnu/5.2.0/:/usr/lib/gcc/i686-pc-linux-gnu/5.2.0/../../../:/lib/:/usr/lib/
COLLECT_GCC_OPTIONS='-v' '-o' 'cmTC_e1830' '-rdynamic' '-shared-libgcc' '-mtune=generic' '-march=pentiumpro'
 /usr/lib/gcc/i686-pc-linux-gnu/5.2.0/collect2 -plugin /usr/lib/gcc/i686-pc-linux-gnu/5.2.0/liblto_plugin.so -plugin-opt=/usr/lib/gcc/i686-pc-linux-gnu/5.2.0/lto-wrapper -plugin-opt=-fresolution=/tmp/ccO8CToT.res -plugin-opt=-pass-through=-lgcc_s -plugin-opt=-pass-through=-lgcc -plugin-opt=-pass-through=-lc -plugin-opt=-pass-through=-lgcc_s -plugin-opt=-pass-through=-lgcc --build-id --eh-frame-hdr --hash-style=gnu -m elf_i386 -export-dynamic -dynamic-linker /lib/ld-linux.so.2 -o cmTC_e1830 /usr/lib/gcc/i686-pc-linux-gnu/5.2.0/../../../crt1.o /usr/lib/gcc/i686-pc-linux-gnu/5.2.0/../../../crti.o /usr/lib/gcc/i686-pc-linux-gnu/5.2.0/crtbegin.o -L/usr/lib/gcc/i686-pc-linux-gnu/5.2.0 -L/usr/lib/gcc/i686-pc-linux-gnu/5.2.0/../../.. CMakeFiles/cmTC_e1830.dir/CMakeCXXCompilerABI.cpp.o -lstdc++ -lm -lgcc_s -lgcc -lc -lgcc_s -lgcc /usr/lib/gcc/i686-pc-linux-gnu/5.2.0/crtend.o /usr/lib/gcc/i686-pc-linux-gnu/5.2.0/../../../crtn.o
make[1]: Leaving directory '/home/guto/apps/nephos/converter/CMakeFiles/CMakeTmp'


Parsed CXX implicit link information from above output:
  link line regex: [^( *|.*[/\])(ld|([^/\]+-)?ld|collect2)[^/\]*( |$)]
  ignore line: [Change Dir: /home/guto/apps/nephos/converter/CMakeFiles/CMakeTmp]
  ignore line: []
  ignore line: [Run Build Command:"/usr/sbin/make" "cmTC_e1830/fast"]
  ignore line: [/usr/sbin/make -f CMakeFiles/cmTC_e1830.dir/build.make CMakeFiles/cmTC_e1830.dir/build]
  ignore line: [make[1]: Entering directory '/home/guto/apps/nephos/converter/CMakeFiles/CMakeTmp']
  ignore line: [Building CXX object CMakeFiles/cmTC_e1830.dir/CMakeCXXCompilerABI.cpp.o]
  ignore line: [/usr/sbin/c++      -o CMakeFiles/cmTC_e1830.dir/CMakeCXXCompilerABI.cpp.o -c /usr/share/cmake-3.4/Modules/CMakeCXXCompilerABI.cpp]
  ignore line: [Linking CXX executable cmTC_e1830]
  ignore line: [/usr/bin/cmake -E cmake_link_script CMakeFiles/cmTC_e1830.dir/link.txt --verbose=1]
  ignore line: [/usr/sbin/c++       -v CMakeFiles/cmTC_e1830.dir/CMakeCXXCompilerABI.cpp.o  -o cmTC_e1830 -rdynamic  ]
  ignore line: [Using built-in specs.]
  ignore line: [COLLECT_GCC=/usr/sbin/c++]
  ignore line: [COLLECT_LTO_WRAPPER=/usr/lib/gcc/i686-pc-linux-gnu/5.2.0/lto-wrapper]
  ignore line: [Target: i686-pc-linux-gnu]
  ignore line: [Configured with: /build/gcc/src/gcc-5.2.0/configure --prefix=/usr --libdir=/usr/lib --libexecdir=/usr/lib --mandir=/usr/share/man --infodir=/usr/share/info --with-bugurl=https://bugs.archlinux.org/ --enable-languages=c,c++,ada,fortran,go,lto,objc,obj-c++ --enable-shared --enable-threads=posix --enable-libmpx --with-system-zlib --with-isl --enable-__cxa_atexit --disable-libunwind-exceptions --enable-clocale=gnu --disable-libstdcxx-pch --disable-libssp --enable-gnu-unique-object --enable-linker-build-id --enable-lto --enable-plugin --enable-install-libiberty --with-linker-hash-style=gnu --enable-gnu-indirect-function --disable-multilib --disable-werror --enable-checking=release --with-default-libstdcxx-abi=gcc4-compatible]
  ignore line: [Thread model: posix]
  ignore line: [gcc version 5.2.0 (GCC) ]
  ignore line: [COMPILER_PATH=/usr/lib/gcc/i686-pc-linux-gnu/5.2.0/:/usr/lib/gcc/i686-pc-linux-gnu/5.2.0/:/usr/lib/gcc/i686-pc-linux-gnu/:/usr/lib/gcc/i686-pc-linux-gnu/5.2.0/:/usr/lib/gcc/i686-pc-linux-gnu/]
  ignore line: [LIBRARY_PATH=/usr/lib/gcc/i686-pc-linux-gnu/5.2.0/:/usr/lib/gcc/i686-pc-linux-gnu/5.2.0/../../../:/lib/:/usr/lib/]
  ignore line: [COLLECT_GCC_OPTIONS='-v' '-o' 'cmTC_e1830' '-rdynamic' '-shared-libgcc' '-mtune=generic' '-march=pentiumpro']
  link line: [ /usr/lib/gcc/i686-pc-linux-gnu/5.2.0/collect2 -plugin /usr/lib/gcc/i686-pc-linux-gnu/5.2.0/liblto_plugin.so -plugin-opt=/usr/lib/gcc/i686-pc-linux-gnu/5.2.0/lto-wrapper -plugin-opt=-fresolution=/tmp/ccO8CToT.res -plugin-opt=-pass-through=-lgcc_s -plugin-opt=-pass-through=-lgcc -plugin-opt=-pass-through=-lc -plugin-opt=-pass-through=-lgcc_s -plugin-opt=-pass-through=-lgcc --build-id --eh-frame-hdr --hash-style=gnu -m elf_i386 -export-dynamic -dynamic-linker /lib/ld-linux.so.2 -o cmTC_e1830 /usr/lib/gcc/i686-pc-linux-gnu/5.2.0/../../../crt1.o /usr/lib/gcc/i686-pc-linux-gnu/5.2.0/../../../crti.o /usr/lib/gcc/i686-pc-linux-gnu/5.2.0/crtbegin.o -L/usr/lib/gcc/i686-pc-linux-gnu/5.2.0 -L/usr/lib/gcc/i686-pc-linux-gnu/5.2.0/../../.. CMakeFiles/cmTC_e1830.dir/CMakeCXXCompilerABI.cpp.o -lstdc++ -lm -lgcc_s -lgcc -lc -lgcc_s -lgcc /usr/lib/gcc/i686-pc-linux-gnu/5.2.0/crtend.o /usr/lib/gcc/i686-pc-linux-gnu/5.2.0/../../../crtn.o]
    arg [/usr/lib/gcc/i686-pc-linux-gnu/5.2.0/collect2] ==> ignore
    arg [-plugin] ==> ignore
    arg [/usr/lib/gcc/i686-pc-linux-gnu/5.2.0/liblto_plugin.so] ==> ignore
    arg [-plugin-opt=/usr/lib/gcc/i686-pc-linux-gnu/5.2.0/lto-wrapper] ==> ignore
    arg [-plugin-opt=-fresolution=/tmp/ccO8CToT.res] ==> ignore
    arg [-plugin-opt=-pass-through=-lgcc_s] ==> ignore
    arg [-plugin-opt=-pass-through=-lgcc] ==> ignore
    arg [-plugin-opt=-pass-through=-lc] ==> ignore
    arg [-plugin-opt=-pass-through=-lgcc_s] ==> ignore
    arg [-plugin-opt=-pass-through=-lgcc] ==> ignore
    arg [--build-id] ==> ignore
    arg [--eh-frame-hdr] ==> ignore
    arg [--hash-style=gnu] ==> ignore
    arg [-m] ==> ignore
    arg [elf_i386] ==> ignore
    arg [-export-dynamic] ==> ignore
    arg [-dynamic-linker] ==> ignore
    arg [/lib/ld-linux.so.2] ==> ignore
    arg [-o] ==> ignore
    arg [cmTC_e1830] ==> ignore
    arg [/usr/lib/gcc/i686-pc-linux-gnu/5.2.0/../../../crt1.o] ==> ignore
    arg [/usr/lib/gcc/i686-pc-linux-gnu/5.2.0/../../../crti.o] ==> ignore
    arg [/usr/lib/gcc/i686-pc-linux-gnu/5.2.0/crtbegin.o] ==> ignore
    arg [-L/usr/lib/gcc/i686-pc-linux-gnu/5.2.0] ==> dir [/usr/lib/gcc/i686-pc-linux-gnu/5.2.0]
    arg [-L/usr/lib/gcc/i686-pc-linux-gnu/5.2.0/../../..] ==> dir [/usr/lib/gcc/i686-pc-linux-gnu/5.2.0/../../..]
    arg [CMakeFiles/cmTC_e1830.dir/CMakeCXXCompilerABI.cpp.o] ==> ignore
    arg [-lstdc++] ==> lib [stdc++]
    arg [-lm] ==> lib [m]
    arg [-lgcc_s] ==> lib [gcc_s]
    arg [-lgcc] ==> lib [gcc]
    arg [-lc] ==> lib [c]
    arg [-lgcc_s] ==> lib [gcc_s]
    arg [-lgcc] ==> lib [gcc]
    arg [/usr/lib/gcc/i686-pc-linux-gnu/5.2.0/crtend.o] ==> ignore
    arg [/usr/lib/gcc/i686-pc-linux-gnu/5.2.0/../../../crtn.o] ==> ignore
  remove lib [gcc_s]
  remove lib [gcc]
  remove lib [gcc_s]
  remove lib [gcc]
  collapse library dir [/usr/lib/gcc/i686-pc-linux-gnu/5.2.0] ==> [/usr/lib/gcc/i686-pc-linux-gnu/5.2.0]
  collapse library dir [/usr/lib/gcc/i686-pc-linux-gnu/5.2.0/../../..] ==> [/usr/lib]
  implicit libs: [stdc++;m;c]
  implicit dirs: [/usr/lib/gcc/i686-pc-linux-gnu/5.2.0;/usr/lib]
  implicit fwks: []




Detecting CXX [-std=c++14] compiler features compiled with the following output:
Change Dir: /home/guto/apps/nephos/converter/CMakeFiles/CMakeTmp

Run Build Command:"/usr/sbin/make" "cmTC_21ecf/fast"
/usr/sbin/make -f CMakeFiles/cmTC_21ecf.dir/build.make CMakeFiles/cmTC_21ecf.dir/build
make[1]: Entering directory '/home/guto/apps/nephos/converter/CMakeFiles/CMakeTmp'
Building CXX object CMakeFiles/cmTC_21ecf.dir/feature_tests.cxx.o
/usr/sbin/c++     -std=c++14 -o CMakeFiles/cmTC_21ecf.dir/feature_tests.cxx.o -c /home/guto/apps/nephos/converter/CMakeFiles/feature_tests.cxx
Linking CXX executable cmTC_21ecf
/usr/bin/cmake -E cmake_link_script CMakeFiles/cmTC_21ecf.dir/link.txt --verbose=1
/usr/sbin/c++        CMakeFiles/cmTC_21ecf.dir/feature_tests.cxx.o  -o cmTC_21ecf -rdynamic 
make[1]: Leaving directory '/home/guto/apps/nephos/converter/CMakeFiles/CMakeTmp'


    Feature record: CXX_FEATURE:1cxx_aggregate_default_initializers
    Feature record: CXX_FEATURE:1cxx_alias_templates
    Feature record: CXX_FEATURE:1cxx_alignas
    Feature record: CXX_FEATURE:1cxx_alignof
    Feature record: CXX_FEATURE:1cxx_attributes
    Feature record: CXX_FEATURE:1cxx_attribute_deprecated
    Feature record: CXX_FEATURE:1cxx_auto_type
    Feature record: CXX_FEATURE:1cxx_binary_literals
    Feature record: CXX_FEATURE:1cxx_constexpr
    Feature record: CXX_FEATURE:1cxx_contextual_conversions
    Feature record: CXX_FEATURE:1cxx_decltype
    Feature record: CXX_FEATURE:1cxx_decltype_auto
    Feature record: CXX_FEATURE:1cxx_decltype_incomplete_return_types
    Feature record: CXX_FEATURE:1cxx_default_function_template_args
    Feature record: CXX_FEATURE:1cxx_defaulted_functions
    Feature record: CXX_FEATURE:1cxx_defaulted_move_initializers
    Feature record: CXX_FEATURE:1cxx_delegating_constructors
    Feature record: CXX_FEATURE:1cxx_deleted_functions
    Feature record: CXX_FEATURE:1cxx_digit_separators
    Feature record: CXX_FEATURE:1cxx_enum_forward_declarations
    Feature record: CXX_FEATURE:1cxx_explicit_conversions
    Feature record: CXX_FEATURE:1cxx_extended_friend_declarations
    Feature record: CXX_FEATURE:1cxx_extern_templates
    Feature record: CXX_FEATURE:1cxx_final
    Feature record: CXX_FEATURE:1cxx_func_identifier
    Feature record: CXX_FEATURE:1cxx_generalized_initializers
    Feature record: CXX_FEATURE:1cxx_generic_lambdas
    Feature record: CXX_FEATURE:1cxx_inheriting_constructors
    Feature record: CXX_FEATURE:1cxx_inline_namespaces
    Feature record: CXX_FEATURE:1cxx_lambdas
    Feature record: CXX_FEATURE:1cxx_lambda_init_captures
    Feature record: CXX_FEATURE:1cxx_local_type_template_args
    Feature record: CXX_FEATURE:1cxx_long_long_type
    Feature record: CXX_FEATURE:1cxx_noexcept
    Feature record: CXX_FEATURE:1cxx_nonstatic_member_init
    Feature record: CXX_FEATURE:1cxx_nullptr
    Feature record: CXX_FEATURE:1cxx_override
    Feature record: CXX_FEATURE:1cxx_range_for
    Feature record: CXX_FEATURE:1cxx_raw_string_literals
    Feature record: CXX_FEATURE:1cxx_reference_qualified_functions
    Feature record: CXX_FEATURE:1cxx_relaxed_constexpr
    Feature record: CXX_FEATURE:1cxx_return_type_deduction
    Feature record: CXX_FEATURE:1cxx_right_angle_brackets
    Feature record: CXX_FEATURE:1cxx_rvalue_references
    Feature record: CXX_FEATURE:1cxx_sizeof_member
    Feature record: CXX_FEATURE:1cxx_static_assert
    Feature record: CXX_FEATURE:1cxx_strong_enums
    Feature record: CXX_FEATURE:1cxx_template_template_parameters
    Feature record: CXX_FEATURE:1cxx_thread_local
    Feature record: CXX_FEATURE:1cxx_trailing_return_types
    Feature record: CXX_FEATURE:1cxx_unicode_literals
    Feature record: CXX_FEATURE:1cxx_uniform_initialization
    Feature record: CXX_FEATURE:1cxx_unrestricted_unions
    Feature record: CXX_FEATURE:1cxx_user_literals
    Feature record: CXX_FEATURE:1cxx_variable_templates
    Feature record: CXX_FEATURE:1cxx_variadic_macros
    Feature record: CXX_FEATURE:1cxx_variadic_templates


Detecting CXX [-std=c++11] compiler features compiled with the following output:
Change Dir: /home/guto/apps/nephos/converter/CMakeFiles/CMakeTmp

Run Build Command:"/usr/sbin/make" "cmTC_f0604/fast"
/usr/sbin/make -f CMakeFiles/cmTC_f0604.dir/build.make CMakeFiles/cmTC_f0604.dir/build
make[1]: Entering directory '/home/guto/apps/nephos/converter/CMakeFiles/CMakeTmp'
Building CXX object CMakeFiles/cmTC_f0604.dir/feature_tests.cxx.o
/usr/sbin/c++     -std=c++11 -o CMakeFiles/cmTC_f0604.dir/feature_tests.cxx.o -c /home/guto/apps/nephos/converter/CMakeFiles/feature_tests.cxx
Linking CXX executable cmTC_f0604
/usr/bin/cmake -E cmake_link_script CMakeFiles/cmTC_f0604.dir/link.txt --verbose=1
/usr/sbin/c++        CMakeFiles/cmTC_f0604.dir/feature_tests.cxx.o  -o cmTC_f0604 -rdynamic 
make[1]: Leaving directory '/home/guto/apps/nephos/converter/CMakeFiles/CMakeTmp'


    Feature record: CXX_FEATURE:0cxx_aggregate_default_initializers
    Feature record: CXX_FEATURE:1cxx_alias_templates
    Feature record: CXX_FEATURE:1cxx_alignas
    Feature record: CXX_FEATURE:1cxx_alignof
    Feature record: CXX_FEATURE:1cxx_attributes
    Feature record: CXX_FEATURE:0cxx_attribute_deprecated
    Feature record: CXX_FEATURE:1cxx_auto_type
    Feature record: CXX_FEATURE:0cxx_binary_literals
    Feature record: CXX_FEATURE:1cxx_constexpr
    Feature record: CXX_FEATURE:0cxx_contextual_conversions
    Feature record: CXX_FEATURE:1cxx_decltype
    Feature record: CXX_FEATURE:0cxx_decltype_auto
    Feature record: CXX_FEATURE:1cxx_decltype_incomplete_return_types
    Feature record: CXX_FEATURE:1cxx_default_function_template_args
    Feature record: CXX_FEATURE:1cxx_defaulted_functions
    Feature record: CXX_FEATURE:1cxx_defaulted_move_initializers
    Feature record: CXX_FEATURE:1cxx_delegating_constructors
    Feature record: CXX_FEATURE:1cxx_deleted_functions
    Feature record: CXX_FEATURE:0cxx_digit_separators
    Feature record: CXX_FEATURE:1cxx_enum_forward_declarations
    Feature record: CXX_FEATURE:1cxx_explicit_conversions
    Feature record: CXX_FEATURE:1cxx_extended_friend_declarations
    Feature record: CXX_FEATURE:1cxx_extern_templates
    Feature record: CXX_FEATURE:1cxx_final
    Feature record: CXX_FEATURE:1cxx_func_identifier
    Feature record: CXX_FEATURE:1cxx_generalized_initializers
    Feature record: CXX_FEATURE:0cxx_generic_lambdas
    Feature record: CXX_FEATURE:1cxx_inheriting_constructors
    Feature record: CXX_FEATURE:1cxx_inline_namespaces
    Feature record: CXX_FEATURE:1cxx_lambdas
    Feature record: CXX_FEATURE:0cxx_lambda_init_captures
    Feature record: CXX_FEATURE:1cxx_local_type_template_args
    Feature record: CXX_FEATURE:1cxx_long_long_type
    Feature record: CXX_FEATURE:1cxx_noexcept
    Feature record: CXX_FEATURE:1cxx_nonstatic_member_init
    Feature record: CXX_FEATURE:1cxx_nullptr
    Feature record: CXX_FEATURE:1cxx_override
    Feature record: CXX_FEATURE:1cxx_range_for
    Feature record: CXX_FEATURE:1cxx_raw_string_literals
    Feature record: CXX_FEATURE:1cxx_reference_qualified_functions
    Feature record: CXX_FEATURE:0cxx_relaxed_constexpr
    Feature record: CXX_FEATURE:0cxx_return_type_deduction
    Feature record: CXX_FEATURE:1cxx_right_angle_brackets
    Feature record: CXX_FEATURE:1cxx_rvalue_references
    Feature record: CXX_FEATURE:1cxx_sizeof_member
    Feature record: CXX_FEATURE:1cxx_static_assert
    Feature record: CXX_FEATURE:1cxx_strong_enums
    Feature record: CXX_FEATURE:1cxx_template_template_parameters
    Feature record: CXX_FEATURE:1cxx_thread_local
    Feature record: CXX_FEATURE:1cxx_trailing_return_types
    Feature record: CXX_FEATURE:1cxx_unicode_literals
    Feature record: CXX_FEATURE:1cxx_uniform_initialization
    Feature record: CXX_FEATURE:1cxx_unrestricted_unions
    Feature record: CXX_FEATURE:1cxx_user_literals
    Feature record: CXX_FEATURE:0cxx_variable_templates
    Feature record: CXX_FEATURE:1cxx_variadic_macros
    Feature record: CXX_FEATURE:1cxx_variadic_templates


Detecting CXX [-std=c++98] compiler features compiled with the following output:
Change Dir: /home/guto/apps/nephos/converter/CMakeFiles/CMakeTmp

Run Build Command:"/usr/sbin/make" "cmTC_f48b3/fast"
/usr/sbin/make -f CMakeFiles/cmTC_f48b3.dir/build.make CMakeFiles/cmTC_f48b3.dir/build
make[1]: Entering directory '/home/guto/apps/nephos/converter/CMakeFiles/CMakeTmp'
Building CXX object CMakeFiles/cmTC_f48b3.dir/feature_tests.cxx.o
/usr/sbin/c++     -std=c++98 -o CMakeFiles/cmTC_f48b3.dir/feature_tests.cxx.o -c /home/guto/apps/nephos/converter/CMakeFiles/feature_tests.cxx
Linking CXX executable cmTC_f48b3
/usr/bin/cmake -E cmake_link_script CMakeFiles/cmTC_f48b3.dir/link.txt --verbose=1
/usr/sbin/c++        CMakeFiles/cmTC_f48b3.dir/feature_tests.cxx.o  -o cmTC_f48b3 -rdynamic 
make[1]: Leaving directory '/home/guto/apps/nephos/converter/CMakeFiles/CMakeTmp'


    Feature record: CXX_FEATURE:0cxx_aggregate_default_initializers
    Feature record: CXX_FEATURE:0cxx_alias_templates
    Feature record: CXX_FEATURE:0cxx_alignas
    Feature record: CXX_FEATURE:0cxx_alignof
    Feature record: CXX_FEATURE:0cxx_attributes
    Feature record: CXX_FEATURE:0cxx_attribute_deprecated
    Feature record: CXX_FEATURE:0cxx_auto_type
    Feature record: CXX_FEATURE:0cxx_binary_literals
    Feature record: CXX_FEATURE:0cxx_constexpr
    Feature record: CXX_FEATURE:0cxx_contextual_conversions
    Feature record: CXX_FEATURE:0cxx_decltype
    Feature record: CXX_FEATURE:0cxx_decltype_auto
    Feature record: CXX_FEATURE:0cxx_decltype_incomplete_return_types
    Feature record: CXX_FEATURE:0cxx_default_function_template_args
    Feature record: CXX_FEATURE:0cxx_defaulted_functions
    Feature record: CXX_FEATURE:0cxx_defaulted_move_initializers
    Feature record: CXX_FEATURE:0cxx_delegating_constructors
    Feature record: CXX_FEATURE:0cxx_deleted_functions
    Feature record: CXX_FEATURE:0cxx_digit_separators
    Feature record: CXX_FEATURE:0cxx_enum_forward_declarations
    Feature record: CXX_FEATURE:0cxx_explicit_conversions
    Feature record: CXX_FEATURE:0cxx_extended_friend_declarations
    Feature record: CXX_FEATURE:0cxx_extern_templates
    Feature record: CXX_FEATURE:0cxx_final
    Feature record: CXX_FEATURE:0cxx_func_identifier
    Feature record: CXX_FEATURE:0cxx_generalized_initializers
    Feature record: CXX_FEATURE:0cxx_generic_lambdas
    Feature record: CXX_FEATURE:0cxx_inheriting_constructors
    Feature record: CXX_FEATURE:0cxx_inline_namespaces
    Feature record: CXX_FEATURE:0cxx_lambdas
    Feature record: CXX_FEATURE:0cxx_lambda_init_captures
    Feature record: CXX_FEATURE:0cxx_local_type_template_args
    Feature record: CXX_FEATURE:0cxx_long_long_type
    Feature record: CXX_FEATURE:0cxx_noexcept
    Feature record: CXX_FEATURE:0cxx_nonstatic_member_init
    Feature record: CXX_FEATURE:0cxx_nullptr
    Feature record: CXX_FEATURE:0cxx_override
    Feature record: CXX_FEATURE:0cxx_range_for
    Feature record: CXX_FEATURE:0cxx_raw_string_literals
    Feature record: CXX_FEATURE:0cxx_reference_qualified_functions
    Feature record: CXX_FEATURE:0cxx_relaxed_constexpr
    Feature record: CXX_FEATURE:0cxx_return_type_deduction
    Feature record: CXX_FEATURE:0cxx_right_angle_brackets
    Feature record: CXX_FEATURE:0cxx_rvalue_references
    Feature record: CXX_FEATURE:0cxx_sizeof_member
    Feature record: CXX_FEATURE:0cxx_static_assert
    Feature record: CXX_FEATURE:0cxx_strong_enums
    Feature record: CXX_FEATURE:1cxx_template_template_parameters
    Feature record: CXX_FEATURE:0cxx_thread_local
    Feature record: CXX_FEATURE:0cxx_trailing_return_types
    Feature record: CXX_FEATURE:0cxx_unicode_literals
    Feature record: CXX_FEATURE:0cxx_uniform_initialization
    Feature record: CXX_FEATURE:0cxx_unrestricted_unions
    Feature record: CXX_FEATURE:0cxx_user_literals
    Feature record: CXX_FEATURE:0cxx_variable_templates
    Feature record: CXX_FEATURE:0cxx_variadic_macros
    Feature record: CXX_FEATURE:0cxx_variadic_templates
