The system is: Linux - 3.17.6-1-ARCH - i686
Compiling the C compiler identification source file "CMakeCCompilerId.c" succeeded.
Compiler: /usr/sbin/cc 
Build flags: 
Id flags: 

The output was:
0


Compilation of the C compiler identification source "CMakeCCompilerId.c" produced "a.out"

The C compiler identification is GNU, found in "/home/guto/apps/cloudHunter/pics/buffer/CMakeFiles/3.1.0/CompilerIdC/a.out"

Compiling the CXX compiler identification source file "CMakeCXXCompilerId.cpp" succeeded.
Compiler: /usr/sbin/c++ 
Build flags: 
Id flags: 

The output was:
0


Compilation of the CXX compiler identification source "CMakeCXXCompilerId.cpp" produced "a.out"

The CXX compiler identification is GNU, found in "/home/guto/apps/cloudHunter/pics/buffer/CMakeFiles/3.1.0/CompilerIdCXX/a.out"

Determining if the C compiler works passed with the following output:
Change Dir: /home/guto/apps/cloudHunter/pics/buffer/CMakeFiles/CMakeTmp

Run Build Command:"/usr/sbin/make" "cmTryCompileExec3361581766/fast"
/usr/sbin/make -f CMakeFiles/cmTryCompileExec3361581766.dir/build.make CMakeFiles/cmTryCompileExec3361581766.dir/build
make[1]: Entering directory '/home/guto/apps/cloudHunter/pics/buffer/CMakeFiles/CMakeTmp'
/usr/bin/cmake -E cmake_progress_report /home/guto/apps/cloudHunter/pics/buffer/CMakeFiles/CMakeTmp/CMakeFiles 1
Building C object CMakeFiles/cmTryCompileExec3361581766.dir/testCCompiler.c.o
/usr/sbin/cc    -o CMakeFiles/cmTryCompileExec3361581766.dir/testCCompiler.c.o   -c /home/guto/apps/cloudHunter/pics/buffer/CMakeFiles/CMakeTmp/testCCompiler.c
Linking C executable cmTryCompileExec3361581766
/usr/bin/cmake -E cmake_link_script CMakeFiles/cmTryCompileExec3361581766.dir/link.txt --verbose=1
/usr/sbin/cc      CMakeFiles/cmTryCompileExec3361581766.dir/testCCompiler.c.o  -o cmTryCompileExec3361581766 -rdynamic 
make[1]: Leaving directory '/home/guto/apps/cloudHunter/pics/buffer/CMakeFiles/CMakeTmp'


Detecting C compiler ABI info compiled with the following output:
Change Dir: /home/guto/apps/cloudHunter/pics/buffer/CMakeFiles/CMakeTmp

Run Build Command:"/usr/sbin/make" "cmTryCompileExec2653035513/fast"
/usr/sbin/make -f CMakeFiles/cmTryCompileExec2653035513.dir/build.make CMakeFiles/cmTryCompileExec2653035513.dir/build
make[1]: Entering directory '/home/guto/apps/cloudHunter/pics/buffer/CMakeFiles/CMakeTmp'
/usr/bin/cmake -E cmake_progress_report /home/guto/apps/cloudHunter/pics/buffer/CMakeFiles/CMakeTmp/CMakeFiles 1
Building C object CMakeFiles/cmTryCompileExec2653035513.dir/CMakeCCompilerABI.c.o
/usr/sbin/cc    -o CMakeFiles/cmTryCompileExec2653035513.dir/CMakeCCompilerABI.c.o   -c /usr/share/cmake-3.1/Modules/CMakeCCompilerABI.c
Linking C executable cmTryCompileExec2653035513
/usr/bin/cmake -E cmake_link_script CMakeFiles/cmTryCompileExec2653035513.dir/link.txt --verbose=1
/usr/sbin/cc     -v CMakeFiles/cmTryCompileExec2653035513.dir/CMakeCCompilerABI.c.o  -o cmTryCompileExec2653035513 -rdynamic  
Using built-in specs.
COLLECT_GCC=/usr/sbin/cc
COLLECT_LTO_WRAPPER=/usr/lib/gcc/i686-pc-linux-gnu/4.9.2/lto-wrapper
Target: i686-pc-linux-gnu
Configured with: /build/gcc/src/gcc-4.9.2/configure --prefix=/usr --libdir=/usr/lib --libexecdir=/usr/lib --mandir=/usr/share/man --infodir=/usr/share/info --with-bugurl=https://bugs.archlinux.org/ --enable-languages=c,c++,ada,fortran,go,lto,objc,obj-c++ --enable-shared --enable-threads=posix --with-system-zlib --enable-__cxa_atexit --disable-libunwind-exceptions --enable-clocale=gnu --disable-libstdcxx-pch --disable-libssp --enable-gnu-unique-object --enable-linker-build-id --enable-cloog-backend=isl --enable-lto --enable-plugin --enable-install-libiberty --with-linker-hash-style=gnu --disable-multilib --disable-werror --enable-checking=release
Thread model: posix
gcc version 4.9.2 (GCC) 
COMPILER_PATH=/usr/lib/gcc/i686-pc-linux-gnu/4.9.2/:/usr/lib/gcc/i686-pc-linux-gnu/4.9.2/:/usr/lib/gcc/i686-pc-linux-gnu/:/usr/lib/gcc/i686-pc-linux-gnu/4.9.2/:/usr/lib/gcc/i686-pc-linux-gnu/
LIBRARY_PATH=/usr/lib/gcc/i686-pc-linux-gnu/4.9.2/:/usr/lib/gcc/i686-pc-linux-gnu/4.9.2/../../../:/lib/:/usr/lib/
COLLECT_GCC_OPTIONS='-v' '-o' 'cmTryCompileExec2653035513' '-rdynamic' '-mtune=generic' '-march=pentiumpro'
 /usr/lib/gcc/i686-pc-linux-gnu/4.9.2/collect2 -plugin /usr/lib/gcc/i686-pc-linux-gnu/4.9.2/liblto_plugin.so -plugin-opt=/usr/lib/gcc/i686-pc-linux-gnu/4.9.2/lto-wrapper -plugin-opt=-fresolution=/tmp/cczklN36.res -plugin-opt=-pass-through=-lgcc -plugin-opt=-pass-through=-lgcc_s -plugin-opt=-pass-through=-lc -plugin-opt=-pass-through=-lgcc -plugin-opt=-pass-through=-lgcc_s --build-id --eh-frame-hdr --hash-style=gnu -m elf_i386 -export-dynamic -dynamic-linker /lib/ld-linux.so.2 -o cmTryCompileExec2653035513 /usr/lib/gcc/i686-pc-linux-gnu/4.9.2/../../../crt1.o /usr/lib/gcc/i686-pc-linux-gnu/4.9.2/../../../crti.o /usr/lib/gcc/i686-pc-linux-gnu/4.9.2/crtbegin.o -L/usr/lib/gcc/i686-pc-linux-gnu/4.9.2 -L/usr/lib/gcc/i686-pc-linux-gnu/4.9.2/../../.. CMakeFiles/cmTryCompileExec2653035513.dir/CMakeCCompilerABI.c.o -lgcc --as-needed -lgcc_s --no-as-needed -lc -lgcc --as-needed -lgcc_s --no-as-needed /usr/lib/gcc/i686-pc-linux-gnu/4.9.2/crtend.o /usr/lib/gcc/i686-pc-linux-gnu/4.9.2/../../../crtn.o
make[1]: Leaving directory '/home/guto/apps/cloudHunter/pics/buffer/CMakeFiles/CMakeTmp'


Parsed C implicit link information from above output:
  link line regex: [^( *|.*[/\])(ld|([^/\]+-)?ld|collect2)[^/\]*( |$)]
  ignore line: [Change Dir: /home/guto/apps/cloudHunter/pics/buffer/CMakeFiles/CMakeTmp]
  ignore line: []
  ignore line: [Run Build Command:"/usr/sbin/make" "cmTryCompileExec2653035513/fast"]
  ignore line: [/usr/sbin/make -f CMakeFiles/cmTryCompileExec2653035513.dir/build.make CMakeFiles/cmTryCompileExec2653035513.dir/build]
  ignore line: [make[1]: Entering directory '/home/guto/apps/cloudHunter/pics/buffer/CMakeFiles/CMakeTmp']
  ignore line: [/usr/bin/cmake -E cmake_progress_report /home/guto/apps/cloudHunter/pics/buffer/CMakeFiles/CMakeTmp/CMakeFiles 1]
  ignore line: [Building C object CMakeFiles/cmTryCompileExec2653035513.dir/CMakeCCompilerABI.c.o]
  ignore line: [/usr/sbin/cc    -o CMakeFiles/cmTryCompileExec2653035513.dir/CMakeCCompilerABI.c.o   -c /usr/share/cmake-3.1/Modules/CMakeCCompilerABI.c]
  ignore line: [Linking C executable cmTryCompileExec2653035513]
  ignore line: [/usr/bin/cmake -E cmake_link_script CMakeFiles/cmTryCompileExec2653035513.dir/link.txt --verbose=1]
  ignore line: [/usr/sbin/cc     -v CMakeFiles/cmTryCompileExec2653035513.dir/CMakeCCompilerABI.c.o  -o cmTryCompileExec2653035513 -rdynamic  ]
  ignore line: [Using built-in specs.]
  ignore line: [COLLECT_GCC=/usr/sbin/cc]
  ignore line: [COLLECT_LTO_WRAPPER=/usr/lib/gcc/i686-pc-linux-gnu/4.9.2/lto-wrapper]
  ignore line: [Target: i686-pc-linux-gnu]
  ignore line: [Configured with: /build/gcc/src/gcc-4.9.2/configure --prefix=/usr --libdir=/usr/lib --libexecdir=/usr/lib --mandir=/usr/share/man --infodir=/usr/share/info --with-bugurl=https://bugs.archlinux.org/ --enable-languages=c,c++,ada,fortran,go,lto,objc,obj-c++ --enable-shared --enable-threads=posix --with-system-zlib --enable-__cxa_atexit --disable-libunwind-exceptions --enable-clocale=gnu --disable-libstdcxx-pch --disable-libssp --enable-gnu-unique-object --enable-linker-build-id --enable-cloog-backend=isl --enable-lto --enable-plugin --enable-install-libiberty --with-linker-hash-style=gnu --disable-multilib --disable-werror --enable-checking=release]
  ignore line: [Thread model: posix]
  ignore line: [gcc version 4.9.2 (GCC) ]
  ignore line: [COMPILER_PATH=/usr/lib/gcc/i686-pc-linux-gnu/4.9.2/:/usr/lib/gcc/i686-pc-linux-gnu/4.9.2/:/usr/lib/gcc/i686-pc-linux-gnu/:/usr/lib/gcc/i686-pc-linux-gnu/4.9.2/:/usr/lib/gcc/i686-pc-linux-gnu/]
  ignore line: [LIBRARY_PATH=/usr/lib/gcc/i686-pc-linux-gnu/4.9.2/:/usr/lib/gcc/i686-pc-linux-gnu/4.9.2/../../../:/lib/:/usr/lib/]
  ignore line: [COLLECT_GCC_OPTIONS='-v' '-o' 'cmTryCompileExec2653035513' '-rdynamic' '-mtune=generic' '-march=pentiumpro']
  link line: [ /usr/lib/gcc/i686-pc-linux-gnu/4.9.2/collect2 -plugin /usr/lib/gcc/i686-pc-linux-gnu/4.9.2/liblto_plugin.so -plugin-opt=/usr/lib/gcc/i686-pc-linux-gnu/4.9.2/lto-wrapper -plugin-opt=-fresolution=/tmp/cczklN36.res -plugin-opt=-pass-through=-lgcc -plugin-opt=-pass-through=-lgcc_s -plugin-opt=-pass-through=-lc -plugin-opt=-pass-through=-lgcc -plugin-opt=-pass-through=-lgcc_s --build-id --eh-frame-hdr --hash-style=gnu -m elf_i386 -export-dynamic -dynamic-linker /lib/ld-linux.so.2 -o cmTryCompileExec2653035513 /usr/lib/gcc/i686-pc-linux-gnu/4.9.2/../../../crt1.o /usr/lib/gcc/i686-pc-linux-gnu/4.9.2/../../../crti.o /usr/lib/gcc/i686-pc-linux-gnu/4.9.2/crtbegin.o -L/usr/lib/gcc/i686-pc-linux-gnu/4.9.2 -L/usr/lib/gcc/i686-pc-linux-gnu/4.9.2/../../.. CMakeFiles/cmTryCompileExec2653035513.dir/CMakeCCompilerABI.c.o -lgcc --as-needed -lgcc_s --no-as-needed -lc -lgcc --as-needed -lgcc_s --no-as-needed /usr/lib/gcc/i686-pc-linux-gnu/4.9.2/crtend.o /usr/lib/gcc/i686-pc-linux-gnu/4.9.2/../../../crtn.o]
    arg [/usr/lib/gcc/i686-pc-linux-gnu/4.9.2/collect2] ==> ignore
    arg [-plugin] ==> ignore
    arg [/usr/lib/gcc/i686-pc-linux-gnu/4.9.2/liblto_plugin.so] ==> ignore
    arg [-plugin-opt=/usr/lib/gcc/i686-pc-linux-gnu/4.9.2/lto-wrapper] ==> ignore
    arg [-plugin-opt=-fresolution=/tmp/cczklN36.res] ==> ignore
    arg [-plugin-opt=-pass-through=-lgcc] ==> ignore
    arg [-plugin-opt=-pass-through=-lgcc_s] ==> ignore
    arg [-plugin-opt=-pass-through=-lc] ==> ignore
    arg [-plugin-opt=-pass-through=-lgcc] ==> ignore
    arg [-plugin-opt=-pass-through=-lgcc_s] ==> ignore
    arg [--build-id] ==> ignore
    arg [--eh-frame-hdr] ==> ignore
    arg [--hash-style=gnu] ==> ignore
    arg [-m] ==> ignore
    arg [elf_i386] ==> ignore
    arg [-export-dynamic] ==> ignore
    arg [-dynamic-linker] ==> ignore
    arg [/lib/ld-linux.so.2] ==> ignore
    arg [-o] ==> ignore
    arg [cmTryCompileExec2653035513] ==> ignore
    arg [/usr/lib/gcc/i686-pc-linux-gnu/4.9.2/../../../crt1.o] ==> ignore
    arg [/usr/lib/gcc/i686-pc-linux-gnu/4.9.2/../../../crti.o] ==> ignore
    arg [/usr/lib/gcc/i686-pc-linux-gnu/4.9.2/crtbegin.o] ==> ignore
    arg [-L/usr/lib/gcc/i686-pc-linux-gnu/4.9.2] ==> dir [/usr/lib/gcc/i686-pc-linux-gnu/4.9.2]
    arg [-L/usr/lib/gcc/i686-pc-linux-gnu/4.9.2/../../..] ==> dir [/usr/lib/gcc/i686-pc-linux-gnu/4.9.2/../../..]
    arg [CMakeFiles/cmTryCompileExec2653035513.dir/CMakeCCompilerABI.c.o] ==> ignore
    arg [-lgcc] ==> lib [gcc]
    arg [--as-needed] ==> ignore
    arg [-lgcc_s] ==> lib [gcc_s]
    arg [--no-as-needed] ==> ignore
    arg [-lc] ==> lib [c]
    arg [-lgcc] ==> lib [gcc]
    arg [--as-needed] ==> ignore
    arg [-lgcc_s] ==> lib [gcc_s]
    arg [--no-as-needed] ==> ignore
    arg [/usr/lib/gcc/i686-pc-linux-gnu/4.9.2/crtend.o] ==> ignore
    arg [/usr/lib/gcc/i686-pc-linux-gnu/4.9.2/../../../crtn.o] ==> ignore
  remove lib [gcc]
  remove lib [gcc_s]
  remove lib [gcc]
  remove lib [gcc_s]
  collapse library dir [/usr/lib/gcc/i686-pc-linux-gnu/4.9.2] ==> [/usr/lib/gcc/i686-pc-linux-gnu/4.9.2]
  collapse library dir [/usr/lib/gcc/i686-pc-linux-gnu/4.9.2/../../..] ==> [/usr/lib]
  implicit libs: [c]
  implicit dirs: [/usr/lib/gcc/i686-pc-linux-gnu/4.9.2;/usr/lib]
  implicit fwks: []




Detecting C [-std=c90] compiler features compiled with the following output:
Change Dir: /home/guto/apps/cloudHunter/pics/buffer/CMakeFiles/CMakeTmp

Run Build Command:"/usr/sbin/make" "cmTryCompileExec1784395475/fast"
/usr/sbin/make -f CMakeFiles/cmTryCompileExec1784395475.dir/build.make CMakeFiles/cmTryCompileExec1784395475.dir/build
make[1]: Entering directory '/home/guto/apps/cloudHunter/pics/buffer/CMakeFiles/CMakeTmp'
/usr/bin/cmake -E cmake_progress_report /home/guto/apps/cloudHunter/pics/buffer/CMakeFiles/CMakeTmp/CMakeFiles 1
Building C object CMakeFiles/cmTryCompileExec1784395475.dir/feature_tests.c.o
/usr/sbin/cc   -std=c90 -o CMakeFiles/cmTryCompileExec1784395475.dir/feature_tests.c.o   -c /home/guto/apps/cloudHunter/pics/buffer/CMakeFiles/feature_tests.c
Linking C executable cmTryCompileExec1784395475
/usr/bin/cmake -E cmake_link_script CMakeFiles/cmTryCompileExec1784395475.dir/link.txt --verbose=1
/usr/sbin/cc      CMakeFiles/cmTryCompileExec1784395475.dir/feature_tests.c.o  -o cmTryCompileExec1784395475 -rdynamic 
make[1]: Leaving directory '/home/guto/apps/cloudHunter/pics/buffer/CMakeFiles/CMakeTmp'


    Feature record: C_FEATURE:1c_function_prototypes
    Feature record: C_FEATURE:0c_restrict
    Feature record: C_FEATURE:0c_static_assert
    Feature record: C_FEATURE:0c_variadic_macros


Detecting C [-std=c99] compiler features compiled with the following output:
Change Dir: /home/guto/apps/cloudHunter/pics/buffer/CMakeFiles/CMakeTmp

Run Build Command:"/usr/sbin/make" "cmTryCompileExec3320158230/fast"
/usr/sbin/make -f CMakeFiles/cmTryCompileExec3320158230.dir/build.make CMakeFiles/cmTryCompileExec3320158230.dir/build
make[1]: Entering directory '/home/guto/apps/cloudHunter/pics/buffer/CMakeFiles/CMakeTmp'
/usr/bin/cmake -E cmake_progress_report /home/guto/apps/cloudHunter/pics/buffer/CMakeFiles/CMakeTmp/CMakeFiles 1
Building C object CMakeFiles/cmTryCompileExec3320158230.dir/feature_tests.c.o
/usr/sbin/cc   -std=c99 -o CMakeFiles/cmTryCompileExec3320158230.dir/feature_tests.c.o   -c /home/guto/apps/cloudHunter/pics/buffer/CMakeFiles/feature_tests.c
Linking C executable cmTryCompileExec3320158230
/usr/bin/cmake -E cmake_link_script CMakeFiles/cmTryCompileExec3320158230.dir/link.txt --verbose=1
/usr/sbin/cc      CMakeFiles/cmTryCompileExec3320158230.dir/feature_tests.c.o  -o cmTryCompileExec3320158230 -rdynamic 
make[1]: Leaving directory '/home/guto/apps/cloudHunter/pics/buffer/CMakeFiles/CMakeTmp'


    Feature record: C_FEATURE:0c_function_prototypes
    Feature record: C_FEATURE:1c_restrict
    Feature record: C_FEATURE:0c_static_assert
    Feature record: C_FEATURE:1c_variadic_macros


Detecting C [-std=c11] compiler features compiled with the following output:
Change Dir: /home/guto/apps/cloudHunter/pics/buffer/CMakeFiles/CMakeTmp

Run Build Command:"/usr/sbin/make" "cmTryCompileExec1920381003/fast"
/usr/sbin/make -f CMakeFiles/cmTryCompileExec1920381003.dir/build.make CMakeFiles/cmTryCompileExec1920381003.dir/build
make[1]: Entering directory '/home/guto/apps/cloudHunter/pics/buffer/CMakeFiles/CMakeTmp'
/usr/bin/cmake -E cmake_progress_report /home/guto/apps/cloudHunter/pics/buffer/CMakeFiles/CMakeTmp/CMakeFiles 1
Building C object CMakeFiles/cmTryCompileExec1920381003.dir/feature_tests.c.o
/usr/sbin/cc   -std=c11 -o CMakeFiles/cmTryCompileExec1920381003.dir/feature_tests.c.o   -c /home/guto/apps/cloudHunter/pics/buffer/CMakeFiles/feature_tests.c
Linking C executable cmTryCompileExec1920381003
/usr/bin/cmake -E cmake_link_script CMakeFiles/cmTryCompileExec1920381003.dir/link.txt --verbose=1
/usr/sbin/cc      CMakeFiles/cmTryCompileExec1920381003.dir/feature_tests.c.o  -o cmTryCompileExec1920381003 -rdynamic 
make[1]: Leaving directory '/home/guto/apps/cloudHunter/pics/buffer/CMakeFiles/CMakeTmp'


    Feature record: C_FEATURE:0c_function_prototypes
    Feature record: C_FEATURE:1c_restrict
    Feature record: C_FEATURE:1c_static_assert
    Feature record: C_FEATURE:1c_variadic_macros
Determining if the CXX compiler works passed with the following output:
Change Dir: /home/guto/apps/cloudHunter/pics/buffer/CMakeFiles/CMakeTmp

Run Build Command:"/usr/sbin/make" "cmTryCompileExec1335016838/fast"
/usr/sbin/make -f CMakeFiles/cmTryCompileExec1335016838.dir/build.make CMakeFiles/cmTryCompileExec1335016838.dir/build
make[1]: Entering directory '/home/guto/apps/cloudHunter/pics/buffer/CMakeFiles/CMakeTmp'
/usr/bin/cmake -E cmake_progress_report /home/guto/apps/cloudHunter/pics/buffer/CMakeFiles/CMakeTmp/CMakeFiles 1
Building CXX object CMakeFiles/cmTryCompileExec1335016838.dir/testCXXCompiler.cxx.o
/usr/sbin/c++     -o CMakeFiles/cmTryCompileExec1335016838.dir/testCXXCompiler.cxx.o -c /home/guto/apps/cloudHunter/pics/buffer/CMakeFiles/CMakeTmp/testCXXCompiler.cxx
Linking CXX executable cmTryCompileExec1335016838
/usr/bin/cmake -E cmake_link_script CMakeFiles/cmTryCompileExec1335016838.dir/link.txt --verbose=1
/usr/sbin/c++       CMakeFiles/cmTryCompileExec1335016838.dir/testCXXCompiler.cxx.o  -o cmTryCompileExec1335016838 -rdynamic 
make[1]: Leaving directory '/home/guto/apps/cloudHunter/pics/buffer/CMakeFiles/CMakeTmp'


Detecting CXX compiler ABI info compiled with the following output:
Change Dir: /home/guto/apps/cloudHunter/pics/buffer/CMakeFiles/CMakeTmp

Run Build Command:"/usr/sbin/make" "cmTryCompileExec2559151218/fast"
/usr/sbin/make -f CMakeFiles/cmTryCompileExec2559151218.dir/build.make CMakeFiles/cmTryCompileExec2559151218.dir/build
make[1]: Entering directory '/home/guto/apps/cloudHunter/pics/buffer/CMakeFiles/CMakeTmp'
/usr/bin/cmake -E cmake_progress_report /home/guto/apps/cloudHunter/pics/buffer/CMakeFiles/CMakeTmp/CMakeFiles 1
Building CXX object CMakeFiles/cmTryCompileExec2559151218.dir/CMakeCXXCompilerABI.cpp.o
/usr/sbin/c++     -o CMakeFiles/cmTryCompileExec2559151218.dir/CMakeCXXCompilerABI.cpp.o -c /usr/share/cmake-3.1/Modules/CMakeCXXCompilerABI.cpp
Linking CXX executable cmTryCompileExec2559151218
/usr/bin/cmake -E cmake_link_script CMakeFiles/cmTryCompileExec2559151218.dir/link.txt --verbose=1
/usr/sbin/c++      -v CMakeFiles/cmTryCompileExec2559151218.dir/CMakeCXXCompilerABI.cpp.o  -o cmTryCompileExec2559151218 -rdynamic  
Using built-in specs.
COLLECT_GCC=/usr/sbin/c++
COLLECT_LTO_WRAPPER=/usr/lib/gcc/i686-pc-linux-gnu/4.9.2/lto-wrapper
Target: i686-pc-linux-gnu
Configured with: /build/gcc/src/gcc-4.9.2/configure --prefix=/usr --libdir=/usr/lib --libexecdir=/usr/lib --mandir=/usr/share/man --infodir=/usr/share/info --with-bugurl=https://bugs.archlinux.org/ --enable-languages=c,c++,ada,fortran,go,lto,objc,obj-c++ --enable-shared --enable-threads=posix --with-system-zlib --enable-__cxa_atexit --disable-libunwind-exceptions --enable-clocale=gnu --disable-libstdcxx-pch --disable-libssp --enable-gnu-unique-object --enable-linker-build-id --enable-cloog-backend=isl --enable-lto --enable-plugin --enable-install-libiberty --with-linker-hash-style=gnu --disable-multilib --disable-werror --enable-checking=release
Thread model: posix
gcc version 4.9.2 (GCC) 
COMPILER_PATH=/usr/lib/gcc/i686-pc-linux-gnu/4.9.2/:/usr/lib/gcc/i686-pc-linux-gnu/4.9.2/:/usr/lib/gcc/i686-pc-linux-gnu/:/usr/lib/gcc/i686-pc-linux-gnu/4.9.2/:/usr/lib/gcc/i686-pc-linux-gnu/
LIBRARY_PATH=/usr/lib/gcc/i686-pc-linux-gnu/4.9.2/:/usr/lib/gcc/i686-pc-linux-gnu/4.9.2/../../../:/lib/:/usr/lib/
COLLECT_GCC_OPTIONS='-v' '-o' 'cmTryCompileExec2559151218' '-rdynamic' '-shared-libgcc' '-mtune=generic' '-march=pentiumpro'
 /usr/lib/gcc/i686-pc-linux-gnu/4.9.2/collect2 -plugin /usr/lib/gcc/i686-pc-linux-gnu/4.9.2/liblto_plugin.so -plugin-opt=/usr/lib/gcc/i686-pc-linux-gnu/4.9.2/lto-wrapper -plugin-opt=-fresolution=/tmp/ccjtB1fO.res -plugin-opt=-pass-through=-lgcc_s -plugin-opt=-pass-through=-lgcc -plugin-opt=-pass-through=-lc -plugin-opt=-pass-through=-lgcc_s -plugin-opt=-pass-through=-lgcc --build-id --eh-frame-hdr --hash-style=gnu -m elf_i386 -export-dynamic -dynamic-linker /lib/ld-linux.so.2 -o cmTryCompileExec2559151218 /usr/lib/gcc/i686-pc-linux-gnu/4.9.2/../../../crt1.o /usr/lib/gcc/i686-pc-linux-gnu/4.9.2/../../../crti.o /usr/lib/gcc/i686-pc-linux-gnu/4.9.2/crtbegin.o -L/usr/lib/gcc/i686-pc-linux-gnu/4.9.2 -L/usr/lib/gcc/i686-pc-linux-gnu/4.9.2/../../.. CMakeFiles/cmTryCompileExec2559151218.dir/CMakeCXXCompilerABI.cpp.o -lstdc++ -lm -lgcc_s -lgcc -lc -lgcc_s -lgcc /usr/lib/gcc/i686-pc-linux-gnu/4.9.2/crtend.o /usr/lib/gcc/i686-pc-linux-gnu/4.9.2/../../../crtn.o
make[1]: Leaving directory '/home/guto/apps/cloudHunter/pics/buffer/CMakeFiles/CMakeTmp'


Parsed CXX implicit link information from above output:
  link line regex: [^( *|.*[/\])(ld|([^/\]+-)?ld|collect2)[^/\]*( |$)]
  ignore line: [Change Dir: /home/guto/apps/cloudHunter/pics/buffer/CMakeFiles/CMakeTmp]
  ignore line: []
  ignore line: [Run Build Command:"/usr/sbin/make" "cmTryCompileExec2559151218/fast"]
  ignore line: [/usr/sbin/make -f CMakeFiles/cmTryCompileExec2559151218.dir/build.make CMakeFiles/cmTryCompileExec2559151218.dir/build]
  ignore line: [make[1]: Entering directory '/home/guto/apps/cloudHunter/pics/buffer/CMakeFiles/CMakeTmp']
  ignore line: [/usr/bin/cmake -E cmake_progress_report /home/guto/apps/cloudHunter/pics/buffer/CMakeFiles/CMakeTmp/CMakeFiles 1]
  ignore line: [Building CXX object CMakeFiles/cmTryCompileExec2559151218.dir/CMakeCXXCompilerABI.cpp.o]
  ignore line: [/usr/sbin/c++     -o CMakeFiles/cmTryCompileExec2559151218.dir/CMakeCXXCompilerABI.cpp.o -c /usr/share/cmake-3.1/Modules/CMakeCXXCompilerABI.cpp]
  ignore line: [Linking CXX executable cmTryCompileExec2559151218]
  ignore line: [/usr/bin/cmake -E cmake_link_script CMakeFiles/cmTryCompileExec2559151218.dir/link.txt --verbose=1]
  ignore line: [/usr/sbin/c++      -v CMakeFiles/cmTryCompileExec2559151218.dir/CMakeCXXCompilerABI.cpp.o  -o cmTryCompileExec2559151218 -rdynamic  ]
  ignore line: [Using built-in specs.]
  ignore line: [COLLECT_GCC=/usr/sbin/c++]
  ignore line: [COLLECT_LTO_WRAPPER=/usr/lib/gcc/i686-pc-linux-gnu/4.9.2/lto-wrapper]
  ignore line: [Target: i686-pc-linux-gnu]
  ignore line: [Configured with: /build/gcc/src/gcc-4.9.2/configure --prefix=/usr --libdir=/usr/lib --libexecdir=/usr/lib --mandir=/usr/share/man --infodir=/usr/share/info --with-bugurl=https://bugs.archlinux.org/ --enable-languages=c,c++,ada,fortran,go,lto,objc,obj-c++ --enable-shared --enable-threads=posix --with-system-zlib --enable-__cxa_atexit --disable-libunwind-exceptions --enable-clocale=gnu --disable-libstdcxx-pch --disable-libssp --enable-gnu-unique-object --enable-linker-build-id --enable-cloog-backend=isl --enable-lto --enable-plugin --enable-install-libiberty --with-linker-hash-style=gnu --disable-multilib --disable-werror --enable-checking=release]
  ignore line: [Thread model: posix]
  ignore line: [gcc version 4.9.2 (GCC) ]
  ignore line: [COMPILER_PATH=/usr/lib/gcc/i686-pc-linux-gnu/4.9.2/:/usr/lib/gcc/i686-pc-linux-gnu/4.9.2/:/usr/lib/gcc/i686-pc-linux-gnu/:/usr/lib/gcc/i686-pc-linux-gnu/4.9.2/:/usr/lib/gcc/i686-pc-linux-gnu/]
  ignore line: [LIBRARY_PATH=/usr/lib/gcc/i686-pc-linux-gnu/4.9.2/:/usr/lib/gcc/i686-pc-linux-gnu/4.9.2/../../../:/lib/:/usr/lib/]
  ignore line: [COLLECT_GCC_OPTIONS='-v' '-o' 'cmTryCompileExec2559151218' '-rdynamic' '-shared-libgcc' '-mtune=generic' '-march=pentiumpro']
  link line: [ /usr/lib/gcc/i686-pc-linux-gnu/4.9.2/collect2 -plugin /usr/lib/gcc/i686-pc-linux-gnu/4.9.2/liblto_plugin.so -plugin-opt=/usr/lib/gcc/i686-pc-linux-gnu/4.9.2/lto-wrapper -plugin-opt=-fresolution=/tmp/ccjtB1fO.res -plugin-opt=-pass-through=-lgcc_s -plugin-opt=-pass-through=-lgcc -plugin-opt=-pass-through=-lc -plugin-opt=-pass-through=-lgcc_s -plugin-opt=-pass-through=-lgcc --build-id --eh-frame-hdr --hash-style=gnu -m elf_i386 -export-dynamic -dynamic-linker /lib/ld-linux.so.2 -o cmTryCompileExec2559151218 /usr/lib/gcc/i686-pc-linux-gnu/4.9.2/../../../crt1.o /usr/lib/gcc/i686-pc-linux-gnu/4.9.2/../../../crti.o /usr/lib/gcc/i686-pc-linux-gnu/4.9.2/crtbegin.o -L/usr/lib/gcc/i686-pc-linux-gnu/4.9.2 -L/usr/lib/gcc/i686-pc-linux-gnu/4.9.2/../../.. CMakeFiles/cmTryCompileExec2559151218.dir/CMakeCXXCompilerABI.cpp.o -lstdc++ -lm -lgcc_s -lgcc -lc -lgcc_s -lgcc /usr/lib/gcc/i686-pc-linux-gnu/4.9.2/crtend.o /usr/lib/gcc/i686-pc-linux-gnu/4.9.2/../../../crtn.o]
    arg [/usr/lib/gcc/i686-pc-linux-gnu/4.9.2/collect2] ==> ignore
    arg [-plugin] ==> ignore
    arg [/usr/lib/gcc/i686-pc-linux-gnu/4.9.2/liblto_plugin.so] ==> ignore
    arg [-plugin-opt=/usr/lib/gcc/i686-pc-linux-gnu/4.9.2/lto-wrapper] ==> ignore
    arg [-plugin-opt=-fresolution=/tmp/ccjtB1fO.res] ==> ignore
    arg [-plugin-opt=-pass-through=-lgcc_s] ==> ignore
    arg [-plugin-opt=-pass-through=-lgcc] ==> ignore
    arg [-plugin-opt=-pass-through=-lc] ==> ignore
    arg [-plugin-opt=-pass-through=-lgcc_s] ==> ignore
    arg [-plugin-opt=-pass-through=-lgcc] ==> ignore
    arg [--build-id] ==> ignore
    arg [--eh-frame-hdr] ==> ignore
    arg [--hash-style=gnu] ==> ignore
    arg [-m] ==> ignore
    arg [elf_i386] ==> ignore
    arg [-export-dynamic] ==> ignore
    arg [-dynamic-linker] ==> ignore
    arg [/lib/ld-linux.so.2] ==> ignore
    arg [-o] ==> ignore
    arg [cmTryCompileExec2559151218] ==> ignore
    arg [/usr/lib/gcc/i686-pc-linux-gnu/4.9.2/../../../crt1.o] ==> ignore
    arg [/usr/lib/gcc/i686-pc-linux-gnu/4.9.2/../../../crti.o] ==> ignore
    arg [/usr/lib/gcc/i686-pc-linux-gnu/4.9.2/crtbegin.o] ==> ignore
    arg [-L/usr/lib/gcc/i686-pc-linux-gnu/4.9.2] ==> dir [/usr/lib/gcc/i686-pc-linux-gnu/4.9.2]
    arg [-L/usr/lib/gcc/i686-pc-linux-gnu/4.9.2/../../..] ==> dir [/usr/lib/gcc/i686-pc-linux-gnu/4.9.2/../../..]
    arg [CMakeFiles/cmTryCompileExec2559151218.dir/CMakeCXXCompilerABI.cpp.o] ==> ignore
    arg [-lstdc++] ==> lib [stdc++]
    arg [-lm] ==> lib [m]
    arg [-lgcc_s] ==> lib [gcc_s]
    arg [-lgcc] ==> lib [gcc]
    arg [-lc] ==> lib [c]
    arg [-lgcc_s] ==> lib [gcc_s]
    arg [-lgcc] ==> lib [gcc]
    arg [/usr/lib/gcc/i686-pc-linux-gnu/4.9.2/crtend.o] ==> ignore
    arg [/usr/lib/gcc/i686-pc-linux-gnu/4.9.2/../../../crtn.o] ==> ignore
  remove lib [gcc_s]
  remove lib [gcc]
  remove lib [gcc_s]
  remove lib [gcc]
  collapse library dir [/usr/lib/gcc/i686-pc-linux-gnu/4.9.2] ==> [/usr/lib/gcc/i686-pc-linux-gnu/4.9.2]
  collapse library dir [/usr/lib/gcc/i686-pc-linux-gnu/4.9.2/../../..] ==> [/usr/lib]
  implicit libs: [stdc++;m;c]
  implicit dirs: [/usr/lib/gcc/i686-pc-linux-gnu/4.9.2;/usr/lib]
  implicit fwks: []




Detecting CXX [-std=c++1y] compiler features compiled with the following output:
Change Dir: /home/guto/apps/cloudHunter/pics/buffer/CMakeFiles/CMakeTmp

Run Build Command:"/usr/sbin/make" "cmTryCompileExec2572220111/fast"
/usr/sbin/make -f CMakeFiles/cmTryCompileExec2572220111.dir/build.make CMakeFiles/cmTryCompileExec2572220111.dir/build
make[1]: Entering directory '/home/guto/apps/cloudHunter/pics/buffer/CMakeFiles/CMakeTmp'
/usr/bin/cmake -E cmake_progress_report /home/guto/apps/cloudHunter/pics/buffer/CMakeFiles/CMakeTmp/CMakeFiles 1
Building CXX object CMakeFiles/cmTryCompileExec2572220111.dir/feature_tests.cxx.o
/usr/sbin/c++    -std=c++1y -o CMakeFiles/cmTryCompileExec2572220111.dir/feature_tests.cxx.o -c /home/guto/apps/cloudHunter/pics/buffer/CMakeFiles/feature_tests.cxx
Linking CXX executable cmTryCompileExec2572220111
/usr/bin/cmake -E cmake_link_script CMakeFiles/cmTryCompileExec2572220111.dir/link.txt --verbose=1
/usr/sbin/c++       CMakeFiles/cmTryCompileExec2572220111.dir/feature_tests.cxx.o  -o cmTryCompileExec2572220111 -rdynamic 
make[1]: Leaving directory '/home/guto/apps/cloudHunter/pics/buffer/CMakeFiles/CMakeTmp'


    Feature record: CXX_FEATURE:1cxx_alias_templates
    Feature record: CXX_FEATURE:1cxx_alignas
    Feature record: CXX_FEATURE:1cxx_alignof
    Feature record: CXX_FEATURE:1cxx_attributes
    Feature record: CXX_FEATURE:1cxx_attribute_deprecated
    Feature record: CXX_FEATURE:1cxx_auto_type
    Feature record: CXX_FEATURE:1cxx_binary_literals
    Feature record: CXX_FEATURE:1cxx_constexpr
    Feature record: CXX_FEATURE:1cxx_contextual_conversions
    Feature record: CXX_FEATURE:1cxx_decltype
    Feature record: CXX_FEATURE:1cxx_decltype_auto
    Feature record: CXX_FEATURE:1cxx_decltype_incomplete_return_types
    Feature record: CXX_FEATURE:1cxx_default_function_template_args
    Feature record: CXX_FEATURE:1cxx_defaulted_functions
    Feature record: CXX_FEATURE:1cxx_defaulted_move_initializers
    Feature record: CXX_FEATURE:1cxx_delegating_constructors
    Feature record: CXX_FEATURE:1cxx_deleted_functions
    Feature record: CXX_FEATURE:1cxx_digit_separators
    Feature record: CXX_FEATURE:1cxx_enum_forward_declarations
    Feature record: CXX_FEATURE:1cxx_explicit_conversions
    Feature record: CXX_FEATURE:1cxx_extended_friend_declarations
    Feature record: CXX_FEATURE:1cxx_extern_templates
    Feature record: CXX_FEATURE:1cxx_final
    Feature record: CXX_FEATURE:1cxx_func_identifier
    Feature record: CXX_FEATURE:1cxx_generalized_initializers
    Feature record: CXX_FEATURE:1cxx_generic_lambdas
    Feature record: CXX_FEATURE:1cxx_inheriting_constructors
    Feature record: CXX_FEATURE:1cxx_inline_namespaces
    Feature record: CXX_FEATURE:1cxx_lambdas
    Feature record: CXX_FEATURE:1cxx_lambda_init_captures
    Feature record: CXX_FEATURE:1cxx_local_type_template_args
    Feature record: CXX_FEATURE:1cxx_long_long_type
    Feature record: CXX_FEATURE:1cxx_noexcept
    Feature record: CXX_FEATURE:1cxx_nonstatic_member_init
    Feature record: CXX_FEATURE:1cxx_nullptr
    Feature record: CXX_FEATURE:1cxx_override
    Feature record: CXX_FEATURE:1cxx_range_for
    Feature record: CXX_FEATURE:1cxx_raw_string_literals
    Feature record: CXX_FEATURE:1cxx_reference_qualified_functions
    Feature record: CXX_FEATURE:1cxx_return_type_deduction
    Feature record: CXX_FEATURE:1cxx_right_angle_brackets
    Feature record: CXX_FEATURE:1cxx_rvalue_references
    Feature record: CXX_FEATURE:1cxx_sizeof_member
    Feature record: CXX_FEATURE:1cxx_static_assert
    Feature record: CXX_FEATURE:1cxx_strong_enums
    Feature record: CXX_FEATURE:1cxx_template_template_parameters
    Feature record: CXX_FEATURE:1cxx_thread_local
    Feature record: CXX_FEATURE:1cxx_trailing_return_types
    Feature record: CXX_FEATURE:1cxx_unicode_literals
    Feature record: CXX_FEATURE:1cxx_uniform_initialization
    Feature record: CXX_FEATURE:1cxx_unrestricted_unions
    Feature record: CXX_FEATURE:1cxx_user_literals
    Feature record: CXX_FEATURE:1cxx_variadic_macros
    Feature record: CXX_FEATURE:1cxx_variadic_templates


Detecting CXX [-std=c++11] compiler features compiled with the following output:
Change Dir: /home/guto/apps/cloudHunter/pics/buffer/CMakeFiles/CMakeTmp

Run Build Command:"/usr/sbin/make" "cmTryCompileExec2481347193/fast"
/usr/sbin/make -f CMakeFiles/cmTryCompileExec2481347193.dir/build.make CMakeFiles/cmTryCompileExec2481347193.dir/build
make[1]: Entering directory '/home/guto/apps/cloudHunter/pics/buffer/CMakeFiles/CMakeTmp'
/usr/bin/cmake -E cmake_progress_report /home/guto/apps/cloudHunter/pics/buffer/CMakeFiles/CMakeTmp/CMakeFiles 1
Building CXX object CMakeFiles/cmTryCompileExec2481347193.dir/feature_tests.cxx.o
/usr/sbin/c++    -std=c++11 -o CMakeFiles/cmTryCompileExec2481347193.dir/feature_tests.cxx.o -c /home/guto/apps/cloudHunter/pics/buffer/CMakeFiles/feature_tests.cxx
Linking CXX executable cmTryCompileExec2481347193
/usr/bin/cmake -E cmake_link_script CMakeFiles/cmTryCompileExec2481347193.dir/link.txt --verbose=1
/usr/sbin/c++       CMakeFiles/cmTryCompileExec2481347193.dir/feature_tests.cxx.o  -o cmTryCompileExec2481347193 -rdynamic 
make[1]: Leaving directory '/home/guto/apps/cloudHunter/pics/buffer/CMakeFiles/CMakeTmp'


    Feature record: CXX_FEATURE:1cxx_alias_templates
    Feature record: CXX_FEATURE:1cxx_alignas
    Feature record: CXX_FEATURE:1cxx_alignof
    Feature record: CXX_FEATURE:1cxx_attributes
    Feature record: CXX_FEATURE:0cxx_attribute_deprecated
    Feature record: CXX_FEATURE:1cxx_auto_type
    Feature record: CXX_FEATURE:0cxx_binary_literals
    Feature record: CXX_FEATURE:1cxx_constexpr
    Feature record: CXX_FEATURE:0cxx_contextual_conversions
    Feature record: CXX_FEATURE:1cxx_decltype
    Feature record: CXX_FEATURE:0cxx_decltype_auto
    Feature record: CXX_FEATURE:1cxx_decltype_incomplete_return_types
    Feature record: CXX_FEATURE:1cxx_default_function_template_args
    Feature record: CXX_FEATURE:1cxx_defaulted_functions
    Feature record: CXX_FEATURE:1cxx_defaulted_move_initializers
    Feature record: CXX_FEATURE:1cxx_delegating_constructors
    Feature record: CXX_FEATURE:1cxx_deleted_functions
    Feature record: CXX_FEATURE:0cxx_digit_separators
    Feature record: CXX_FEATURE:1cxx_enum_forward_declarations
    Feature record: CXX_FEATURE:1cxx_explicit_conversions
    Feature record: CXX_FEATURE:1cxx_extended_friend_declarations
    Feature record: CXX_FEATURE:1cxx_extern_templates
    Feature record: CXX_FEATURE:1cxx_final
    Feature record: CXX_FEATURE:1cxx_func_identifier
    Feature record: CXX_FEATURE:1cxx_generalized_initializers
    Feature record: CXX_FEATURE:0cxx_generic_lambdas
    Feature record: CXX_FEATURE:1cxx_inheriting_constructors
    Feature record: CXX_FEATURE:1cxx_inline_namespaces
    Feature record: CXX_FEATURE:1cxx_lambdas
    Feature record: CXX_FEATURE:0cxx_lambda_init_captures
    Feature record: CXX_FEATURE:1cxx_local_type_template_args
    Feature record: CXX_FEATURE:1cxx_long_long_type
    Feature record: CXX_FEATURE:1cxx_noexcept
    Feature record: CXX_FEATURE:1cxx_nonstatic_member_init
    Feature record: CXX_FEATURE:1cxx_nullptr
    Feature record: CXX_FEATURE:1cxx_override
    Feature record: CXX_FEATURE:1cxx_range_for
    Feature record: CXX_FEATURE:1cxx_raw_string_literals
    Feature record: CXX_FEATURE:1cxx_reference_qualified_functions
    Feature record: CXX_FEATURE:0cxx_return_type_deduction
    Feature record: CXX_FEATURE:1cxx_right_angle_brackets
    Feature record: CXX_FEATURE:1cxx_rvalue_references
    Feature record: CXX_FEATURE:1cxx_sizeof_member
    Feature record: CXX_FEATURE:1cxx_static_assert
    Feature record: CXX_FEATURE:1cxx_strong_enums
    Feature record: CXX_FEATURE:1cxx_template_template_parameters
    Feature record: CXX_FEATURE:1cxx_thread_local
    Feature record: CXX_FEATURE:1cxx_trailing_return_types
    Feature record: CXX_FEATURE:1cxx_unicode_literals
    Feature record: CXX_FEATURE:1cxx_uniform_initialization
    Feature record: CXX_FEATURE:1cxx_unrestricted_unions
    Feature record: CXX_FEATURE:1cxx_user_literals
    Feature record: CXX_FEATURE:1cxx_variadic_macros
    Feature record: CXX_FEATURE:1cxx_variadic_templates


Detecting CXX [-std=c++98] compiler features compiled with the following output:
Change Dir: /home/guto/apps/cloudHunter/pics/buffer/CMakeFiles/CMakeTmp

Run Build Command:"/usr/sbin/make" "cmTryCompileExec3681961147/fast"
/usr/sbin/make -f CMakeFiles/cmTryCompileExec3681961147.dir/build.make CMakeFiles/cmTryCompileExec3681961147.dir/build
make[1]: Entering directory '/home/guto/apps/cloudHunter/pics/buffer/CMakeFiles/CMakeTmp'
/usr/bin/cmake -E cmake_progress_report /home/guto/apps/cloudHunter/pics/buffer/CMakeFiles/CMakeTmp/CMakeFiles 1
Building CXX object CMakeFiles/cmTryCompileExec3681961147.dir/feature_tests.cxx.o
/usr/sbin/c++    -std=c++98 -o CMakeFiles/cmTryCompileExec3681961147.dir/feature_tests.cxx.o -c /home/guto/apps/cloudHunter/pics/buffer/CMakeFiles/feature_tests.cxx
Linking CXX executable cmTryCompileExec3681961147
/usr/bin/cmake -E cmake_link_script CMakeFiles/cmTryCompileExec3681961147.dir/link.txt --verbose=1
/usr/sbin/c++       CMakeFiles/cmTryCompileExec3681961147.dir/feature_tests.cxx.o  -o cmTryCompileExec3681961147 -rdynamic 
make[1]: Leaving directory '/home/guto/apps/cloudHunter/pics/buffer/CMakeFiles/CMakeTmp'


    Feature record: CXX_FEATURE:0cxx_alias_templates
    Feature record: CXX_FEATURE:0cxx_alignas
    Feature record: CXX_FEATURE:0cxx_alignof
    Feature record: CXX_FEATURE:0cxx_attributes
    Feature record: CXX_FEATURE:0cxx_attribute_deprecated
    Feature record: CXX_FEATURE:0cxx_auto_type
    Feature record: CXX_FEATURE:0cxx_binary_literals
    Feature record: CXX_FEATURE:0cxx_constexpr
    Feature record: CXX_FEATURE:0cxx_contextual_conversions
    Feature record: CXX_FEATURE:0cxx_decltype
    Feature record: CXX_FEATURE:0cxx_decltype_auto
    Feature record: CXX_FEATURE:0cxx_decltype_incomplete_return_types
    Feature record: CXX_FEATURE:0cxx_default_function_template_args
    Feature record: CXX_FEATURE:0cxx_defaulted_functions
    Feature record: CXX_FEATURE:0cxx_defaulted_move_initializers
    Feature record: CXX_FEATURE:0cxx_delegating_constructors
    Feature record: CXX_FEATURE:0cxx_deleted_functions
    Feature record: CXX_FEATURE:0cxx_digit_separators
    Feature record: CXX_FEATURE:0cxx_enum_forward_declarations
    Feature record: CXX_FEATURE:0cxx_explicit_conversions
    Feature record: CXX_FEATURE:0cxx_extended_friend_declarations
    Feature record: CXX_FEATURE:0cxx_extern_templates
    Feature record: CXX_FEATURE:0cxx_final
    Feature record: CXX_FEATURE:0cxx_func_identifier
    Feature record: CXX_FEATURE:0cxx_generalized_initializers
    Feature record: CXX_FEATURE:0cxx_generic_lambdas
    Feature record: CXX_FEATURE:0cxx_inheriting_constructors
    Feature record: CXX_FEATURE:0cxx_inline_namespaces
    Feature record: CXX_FEATURE:0cxx_lambdas
    Feature record: CXX_FEATURE:0cxx_lambda_init_captures
    Feature record: CXX_FEATURE:0cxx_local_type_template_args
    Feature record: CXX_FEATURE:0cxx_long_long_type
    Feature record: CXX_FEATURE:0cxx_noexcept
    Feature record: CXX_FEATURE:0cxx_nonstatic_member_init
    Feature record: CXX_FEATURE:0cxx_nullptr
    Feature record: CXX_FEATURE:0cxx_override
    Feature record: CXX_FEATURE:0cxx_range_for
    Feature record: CXX_FEATURE:0cxx_raw_string_literals
    Feature record: CXX_FEATURE:0cxx_reference_qualified_functions
    Feature record: CXX_FEATURE:0cxx_return_type_deduction
    Feature record: CXX_FEATURE:0cxx_right_angle_brackets
    Feature record: CXX_FEATURE:0cxx_rvalue_references
    Feature record: CXX_FEATURE:0cxx_sizeof_member
    Feature record: CXX_FEATURE:0cxx_static_assert
    Feature record: CXX_FEATURE:0cxx_strong_enums
    Feature record: CXX_FEATURE:1cxx_template_template_parameters
    Feature record: CXX_FEATURE:0cxx_thread_local
    Feature record: CXX_FEATURE:0cxx_trailing_return_types
    Feature record: CXX_FEATURE:0cxx_unicode_literals
    Feature record: CXX_FEATURE:0cxx_uniform_initialization
    Feature record: CXX_FEATURE:0cxx_unrestricted_unions
    Feature record: CXX_FEATURE:0cxx_user_literals
    Feature record: CXX_FEATURE:0cxx_variadic_macros
    Feature record: CXX_FEATURE:0cxx_variadic_templates
